[INFO] Main:run file stream mode
[INFO] FileStreamMode:---------------------[FILE MODE]---------------------------------
[INFO] FileStreamMode:input  file = C:\testsc\share\csworkexample\.metadata\.plugins\com.codescroll.gp.core\compile_input.properties
[INFO] FileStreamMode:output file = C:\testsc\share\csworkexample\.metadata\.plugins\com.codescroll.gp.core\compile_output.properties
[INFO] FileStreamMode:-----------------------------------------------------------------
[INFO] Main:
[INFO] Main:run file stream mode
[INFO] FileStreamMode:---------------------[FILE MODE]---------------------------------
[INFO] FileStreamMode:input  file = C:\testsc\share\csworkexample\.metadata\.plugins\com.codescroll.gp.core\compile_input.properties
[INFO] FileStreamMode:output file = C:\testsc\share\csworkexample\.metadata\.plugins\com.codescroll.gp.core\compile_output.properties
[INFO] FileStreamMode:-----------------------------------------------------------------
[INFO] Main:
[INFO] Main:run file stream mode
[INFO] FileStreamMode:---------------------[FILE MODE]---------------------------------
[INFO] FileStreamMode:input  file = C:\testsc\share\csworkexample\.metadata\.plugins\com.codescroll.gp.core\compile_input.properties
[INFO] FileStreamMode:output file = C:\testsc\share\csworkexample\.metadata\.plugins\com.codescroll.gp.core\compile_output.properties
[INFO] FileStreamMode:-----------------------------------------------------------------
[INFO] Main:
[INFO] Main:run file stream mode
[INFO] FileStreamMode:---------------------[FILE MODE]---------------------------------
[INFO] FileStreamMode:input  file = C:\testsc\share\csworkexample\.metadata\.plugins\com.codescroll.gp.core\compile_input.properties
[INFO] FileStreamMode:output file = C:\testsc\share\csworkexample\.metadata\.plugins\com.codescroll.gp.core\compile_output.properties
[INFO] FileStreamMode:-----------------------------------------------------------------
[INFO] Main:
[INFO] Main:run file stream mode
[INFO] FileStreamMode:---------------------[FILE MODE]---------------------------------
[INFO] FileStreamMode:input  file = C:\testsc\share\csworkexample\.metadata\.plugins\com.codescroll.gp.core\compile_input.properties
[INFO] FileStreamMode:output file = C:\testsc\share\csworkexample\.metadata\.plugins\com.codescroll.gp.core\compile_output.properties
[INFO] FileStreamMode:-----------------------------------------------------------------
[INFO] Main:
[INFO] Main:run file stream mode
[INFO] FileStreamMode:---------------------[FILE MODE]---------------------------------
[INFO] FileStreamMode:input  file = C:\testsc\share\csworkexample\.metadata\.plugins\com.codescroll.gp.core\compile_input.properties
[INFO] FileStreamMode:output file = C:\testsc\share\csworkexample\.metadata\.plugins\com.codescroll.gp.core\compile_output.properties
[INFO] FileStreamMode:-----------------------------------------------------------------
[INFO] Main:
[INFO] Main:run file stream mode
[INFO] FileStreamMode:---------------------[FILE MODE]---------------------------------
[INFO] FileStreamMode:input  file = C:\testsc\share\csworkexample\.metadata\.plugins\com.codescroll.gp.core\compile_input.properties
[INFO] FileStreamMode:output file = C:\testsc\share\csworkexample\.metadata\.plugins\com.codescroll.gp.core\compile_output.properties
[INFO] FileStreamMode:-----------------------------------------------------------------
[INFO] Main:
[INFO] Main:run file stream mode
[INFO] FileStreamMode:---------------------[FILE MODE]---------------------------------
[INFO] FileStreamMode:input  file = C:\testsc\share\csworkexample\.metadata\.plugins\com.codescroll.gp.core\compile_input.properties
[INFO] FileStreamMode:output file = C:\testsc\share\csworkexample\.metadata\.plugins\com.codescroll.gp.core\compile_output.properties
[INFO] FileStreamMode:-----------------------------------------------------------------
[INFO] Main:
