[2017-06-08 21:01:11,463] INFO  at codescroll.ut.CSUTStartup.earlyStartup(            ?:?)     - Log properties are loaded successfuly!
[2017-06-08 21:08:40,814] INFO  at views.coverage.CoverageView.eventTriggered(            ?:?)     - CoverageEventStart
[2017-06-08 21:08:40,820] INFO  at views.coverage.CoverageView.eventTriggered(            ?:?)     - Coverage Event End
[2017-06-08 21:08:44,268] INFO  at views.coverage.CoverageView.eventTriggered(            ?:?)     - CoverageEventStart
[2017-06-08 21:08:44,288] INFO  at views.coverage.CoverageView.eventTriggered(            ?:?)     - Coverage Event End
[2017-06-08 21:08:47,902] INFO  at views.coverage.CoverageView.eventTriggered(            ?:?)     - CoverageEventStart
[2017-06-08 21:08:48,003] INFO  at views.coverage.CoverageView.eventTriggered(            ?:?)     - Coverage Event End
[2017-06-08 21:08:51,824] INFO  at views.coverage.CoverageView.eventTriggered(            ?:?)     - CoverageEventStart
[2017-06-08 21:08:51,837] INFO  at views.coverage.CoverageView.eventTriggered(            ?:?)     - Coverage Event End
[2017-06-08 21:08:52,347] INFO  at views.coverage.CoverageView.eventTriggered(            ?:?)     - CoverageEventStart
[2017-06-08 21:08:52,354] INFO  at views.coverage.CoverageView.eventTriggered(            ?:?)     - Coverage Event End
[2017-06-08 21:09:00,421] INFO  at views.coverage.CoverageView.eventTriggered(            ?:?)     - CoverageEventStart
[2017-06-08 21:09:00,430] INFO  at views.coverage.CoverageView.eventTriggered(            ?:?)     - Coverage Event End
[2017-06-08 21:09:01,735] INFO  at views.coverage.CoverageView.eventTriggered(            ?:?)     - CoverageEventStart
[2017-06-08 21:09:01,739] INFO  at views.coverage.CoverageView.eventTriggered(            ?:?)     - Coverage Event End
[2017-06-08 21:11:07,159] ERROR at ut.run.CSProgressListener.processing(            ?:?)     - module failed!
[2017-06-08 21:11:07,562] ERROR at ui.commands.ExecutePA.runPA(            ?:?)     - PA operation fail!!
[2017-06-08 21:11:11,278] ERROR at wizards.pages.NewFunctionTestWizardPage.loadData(            ?:?)     - 테스트 프로젝트 생성 실패.
[2017-06-08 21:11:11,282] ERROR at wizards.pages.NewFunctionTestWizardPage.loadData(            ?:?)     - 프로젝트 분석에 실패했습니다.(code=4905)
[2017-06-08 21:11:38,871] INFO  at views.coverage.CoverageView.eventTriggered(            ?:?)     - CoverageEventStart
[2017-06-08 21:11:38,877] INFO  at views.coverage.CoverageView.eventTriggered(            ?:?)     - Coverage Event End
[2017-06-08 21:11:38,890] INFO  at views.coverage.CoverageView.eventTriggered(            ?:?)     - CoverageEventStart
[2017-06-08 21:11:38,897] INFO  at views.coverage.CoverageView.eventTriggered(            ?:?)     - Coverage Event End
[2017-06-08 21:11:45,683] INFO  at views.coverage.CoverageView.eventTriggered(            ?:?)     - CoverageEventStart
[2017-06-08 21:11:45,690] INFO  at views.coverage.CoverageView.eventTriggered(            ?:?)     - Coverage Event End
[2017-06-08 21:12:38,159] INFO  at views.coverage.CoverageView.eventTriggered(            ?:?)     - CoverageEventStart
[2017-06-08 21:12:38,165] INFO  at views.coverage.CoverageView.eventTriggered(            ?:?)     - Coverage Event End
[2017-06-08 21:12:38,209] INFO  at views.coverage.CoverageView.eventTriggered(            ?:?)     - CoverageEventStart
[2017-06-08 21:12:38,214] INFO  at views.coverage.CoverageView.eventTriggered(            ?:?)     - Coverage Event End
[2017-06-08 21:12:40,541] INFO  at views.coverage.CoverageView.eventTriggered(            ?:?)     - CoverageEventStart
[2017-06-08 21:12:40,554] INFO  at views.coverage.CoverageView.eventTriggered(            ?:?)     - Coverage Event End
[2017-06-08 21:13:09,730] ERROR at ut.run.CSProgressListener.processing(            ?:?)     - module failed!
[2017-06-08 21:13:09,779] ERROR at ui.commands.ExecutePA.runPA(            ?:?)     - PA operation fail!!
[2017-06-08 21:13:12,828] ERROR at wizards.pages.NewFunctionTestWizardPage.loadData(            ?:?)     - 테스트 프로젝트 생성 실패.
[2017-06-08 21:13:12,835] ERROR at wizards.pages.NewFunctionTestWizardPage.loadData(            ?:?)     - 프로젝트 분석에 실패했습니다.(code=4905)
[2017-06-08 21:13:24,415] INFO  at views.coverage.CoverageView.eventTriggered(            ?:?)     - CoverageEventStart
[2017-06-08 21:13:24,421] INFO  at views.coverage.CoverageView.eventTriggered(            ?:?)     - Coverage Event End
[2017-06-08 21:13:30,027] INFO  at ui.commands.ExecutePA.runPA(            ?:?)     - PA operation success!!
[2017-06-08 21:13:33,263] INFO  at ui.commands.AbExecuteCLI.execute(            ?:?)     - CLI operation success!!
[2017-06-08 21:13:33,273] INFO  at ui.commands.AbExecuteCLI.execute(            ?:?)     - CLI operation success!!
[2017-06-08 21:13:36,971] INFO  at manager.test.TestCreator.createTest(            ?:?)     - [UI] Test Create : Start
[2017-06-08 21:13:39,274] INFO  at manager.test.TestCreator.createTest(            ?:?)     - [UI] Test Create : End
[2017-06-08 21:13:46,852] INFO  at views.coverage.CoverageView.eventTriggered(            ?:?)     - CoverageEventStart
[2017-06-08 21:13:46,885] INFO  at views.coverage.CoverageView.eventTriggered(            ?:?)     - Coverage Event End
[2017-06-08 21:13:58,016] INFO  at ui.commands.AbExecuteCLI.execute(            ?:?)     - CLI operation success!!
[2017-06-08 21:13:58,020] INFO  at ui.commands.AbExecuteCLI.execute(            ?:?)     - CLI operation success!!
[2017-06-08 21:14:13,057] INFO  at ui.commands.AbExecuteCLI.execute(            ?:?)     - CLI operation success!!
[2017-06-08 21:14:13,061] INFO  at ui.commands.AbExecuteCLI.execute(            ?:?)     - CLI operation success!!
[2017-06-08 21:14:20,109] INFO  at ui.commands.AbExecuteCLI.execute(            ?:?)     - CLI operation success!!
[2017-06-08 21:14:20,113] INFO  at ui.commands.AbExecuteCLI.execute(            ?:?)     - CLI operation success!!
[2017-06-08 21:14:20,465] INFO  at views.coverage.CoverageView.eventTriggered(            ?:?)     - CoverageEventStart
[2017-06-08 21:14:20,528] INFO  at views.coverage.CoverageView.eventTriggered(            ?:?)     - Coverage Event End
[2017-06-08 21:14:24,442] INFO  at views.coverage.CoverageView.eventTriggered(            ?:?)     - CoverageEventStart
[2017-06-08 21:14:24,458] INFO  at views.coverage.CoverageView.eventTriggered(            ?:?)     - Coverage Event End
[2017-06-08 21:14:25,383] INFO  at views.coverage.CoverageView.eventTriggered(            ?:?)     - CoverageEventStart
[2017-06-08 21:14:25,400] INFO  at views.coverage.CoverageView.eventTriggered(            ?:?)     - Coverage Event End
[2017-06-08 21:14:28,382] INFO  at views.coverage.CoverageView.eventTriggered(            ?:?)     - CoverageEventStart
[2017-06-08 21:14:28,404] INFO  at views.coverage.CoverageView.eventTriggered(            ?:?)     - Coverage Event End
[2017-06-08 21:18:14,973] INFO  at ui.commands.AbExecuteCLI.execute(            ?:?)     - CLI operation success!!
[2017-06-08 21:18:14,977] INFO  at ui.commands.AbExecuteCLI.execute(            ?:?)     - CLI operation success!!
[2017-06-08 21:18:31,035] ERROR at ut.run.CSProgressListener.processing(            ?:?)     - module failed!
[2017-06-08 21:18:31,067] ERROR at ui.commands.AbExecuteCLI.execute(            ?:?)     - CLI operation fail!!
[2017-06-08 21:18:31,071] ERROR at ui.commands.AbExecuteCLI.execute(            ?:?)     - CLI operation fail!!
[2017-06-08 21:18:36,616] INFO  at views.coverage.CoverageView.eventTriggered(            ?:?)     - CoverageEventStart
[2017-06-08 21:18:36,622] INFO  at views.coverage.CoverageView.eventTriggered(            ?:?)     - Coverage Event End
[2017-06-08 21:19:32,447] INFO  at views.coverage.CoverageView.eventTriggered(            ?:?)     - CoverageEventStart
[2017-06-08 21:19:32,465] INFO  at views.coverage.CoverageView.eventTriggered(            ?:?)     - Coverage Event End
[2017-06-08 21:19:32,491] INFO  at views.coverage.CoverageView.eventTriggered(            ?:?)     - CoverageEventStart
[2017-06-08 21:19:32,497] INFO  at views.coverage.CoverageView.eventTriggered(            ?:?)     - Coverage Event End
[2017-06-08 21:20:55,762] INFO  at ui.commands.ExecutePA.runPA(            ?:?)     - PA operation success!!
[2017-06-08 21:20:59,301] INFO  at ui.commands.AbExecuteCLI.execute(            ?:?)     - CLI operation success!!
[2017-06-08 21:20:59,309] INFO  at ui.commands.AbExecuteCLI.execute(            ?:?)     - CLI operation success!!
[2017-06-08 21:21:13,365] ERROR at ut.run.CSProgressListener.processing(            ?:?)     - module failed!
[2017-06-08 21:21:13,403] ERROR at ui.commands.AbExecuteCLI.execute(            ?:?)     - CLI operation fail!!
[2017-06-08 21:21:13,409] ERROR at ui.commands.AbExecuteCLI.execute(            ?:?)     - CLI operation fail!!
[2017-06-08 21:21:15,706] INFO  at views.coverage.CoverageView.eventTriggered(            ?:?)     - CoverageEventStart
[2017-06-08 21:21:15,712] INFO  at views.coverage.CoverageView.eventTriggered(            ?:?)     - Coverage Event End
[2017-06-08 21:22:06,186] INFO  at views.coverage.CoverageView.eventTriggered(            ?:?)     - CoverageEventStart
[2017-06-08 21:22:06,192] INFO  at views.coverage.CoverageView.eventTriggered(            ?:?)     - Coverage Event End
[2017-06-09 10:28:51,734] INFO  at codescroll.ut.CSUTStartup.earlyStartup(            ?:?)     - Log properties are loaded successfuly!
[2017-06-09 10:29:24,272] INFO  at ui.commands.AbExecuteCLI.execute(            ?:?)     - CLI operation success!!
[2017-06-09 10:29:24,279] INFO  at ui.commands.AbExecuteCLI.execute(            ?:?)     - CLI operation success!!
[2017-06-09 10:29:28,371] ERROR at ut.run.CSProgressListener.processing(            ?:?)     - module failed!
[2017-06-09 10:29:28,616] ERROR at ui.commands.AbExecuteCLI.execute(            ?:?)     - CLI operation fail!!
[2017-06-09 10:29:28,621] ERROR at ui.commands.AbExecuteCLI.execute(            ?:?)     - CLI operation fail!!
[2017-06-09 10:30:26,394] INFO  at ui.commands.AbExecuteCLI.execute(            ?:?)     - CLI operation success!!
[2017-06-09 10:30:26,399] INFO  at ui.commands.AbExecuteCLI.execute(            ?:?)     - CLI operation success!!
[2017-06-09 10:30:33,439] ERROR at ut.run.CSProgressListener.processing(            ?:?)     - module failed!
[2017-06-09 10:30:33,476] ERROR at ui.commands.AbExecuteCLI.execute(            ?:?)     - CLI operation fail!!
[2017-06-09 10:30:33,483] ERROR at ui.commands.AbExecuteCLI.execute(            ?:?)     - CLI operation fail!!
[2017-06-09 10:34:36,439] INFO  at ui.commands.AbExecuteCLI.execute(            ?:?)     - CLI operation success!!
[2017-06-09 10:34:36,446] INFO  at ui.commands.AbExecuteCLI.execute(            ?:?)     - CLI operation success!!
[2017-06-09 10:34:42,491] INFO  at ui.commands.AbExecuteCLI.execute(            ?:?)     - CLI operation success!!
[2017-06-09 10:34:42,496] INFO  at ui.commands.AbExecuteCLI.execute(            ?:?)     - CLI operation success!!
[2017-06-09 10:34:47,550] INFO  at ui.commands.AbExecuteCLI.execute(            ?:?)     - CLI operation success!!
[2017-06-09 10:34:47,555] INFO  at ui.commands.AbExecuteCLI.execute(            ?:?)     - CLI operation success!!
[2017-06-09 10:37:55,751] INFO  at ui.commands.AbExecuteCLI.execute(            ?:?)     - CLI operation success!!
[2017-06-09 10:37:55,764] INFO  at ui.commands.AbExecuteCLI.execute(            ?:?)     - CLI operation success!!
[2017-06-09 10:37:58,827] INFO  at ui.commands.AbExecuteCLI.execute(            ?:?)     - CLI operation success!!
[2017-06-09 10:37:58,838] INFO  at ui.commands.AbExecuteCLI.execute(            ?:?)     - CLI operation success!!
[2017-06-09 10:38:03,891] INFO  at ui.commands.AbExecuteCLI.execute(            ?:?)     - CLI operation success!!
[2017-06-09 10:38:03,899] INFO  at ui.commands.AbExecuteCLI.execute(            ?:?)     - CLI operation success!!
[2017-06-09 10:38:17,062] INFO  at ui.commands.AbExecuteCLI.execute(            ?:?)     - CLI operation success!!
[2017-06-09 10:38:17,072] INFO  at ui.commands.AbExecuteCLI.execute(            ?:?)     - CLI operation success!!
[2017-06-09 10:38:21,140] ERROR at ut.run.CSProgressListener.processing(            ?:?)     - module failed!
[2017-06-09 10:38:21,197] ERROR at ui.commands.AbExecuteCLI.execute(            ?:?)     - CLI operation fail!!
[2017-06-09 10:38:21,203] ERROR at ui.commands.AbExecuteCLI.execute(            ?:?)     - CLI operation fail!!
[2017-06-09 10:38:42,245] INFO  at ui.commands.AbExecuteCLI.execute(            ?:?)     - CLI operation success!!
[2017-06-09 10:38:42,263] INFO  at ui.commands.AbExecuteCLI.execute(            ?:?)     - CLI operation success!!
[2017-06-09 10:38:46,375] ERROR at ut.run.CSProgressListener.processing(            ?:?)     - module failed!
[2017-06-09 10:38:46,426] ERROR at ui.commands.AbExecuteCLI.execute(            ?:?)     - CLI operation fail!!
[2017-06-09 10:38:46,432] ERROR at ui.commands.AbExecuteCLI.execute(            ?:?)     - CLI operation fail!!
[2017-06-09 10:39:07,947] INFO  at ui.commands.AbExecuteCLI.execute(            ?:?)     - CLI operation success!!
[2017-06-09 10:39:07,958] INFO  at ui.commands.AbExecuteCLI.execute(            ?:?)     - CLI operation success!!
[2017-06-09 10:39:12,059] ERROR at ut.run.CSProgressListener.processing(            ?:?)     - module failed!
[2017-06-09 10:39:12,120] ERROR at ui.commands.AbExecuteCLI.execute(            ?:?)     - CLI operation fail!!
[2017-06-09 10:39:12,127] ERROR at ui.commands.AbExecuteCLI.execute(            ?:?)     - CLI operation fail!!
[2017-06-09 10:40:05,790] INFO  at ui.commands.AbExecuteCLI.execute(            ?:?)     - CLI operation success!!
[2017-06-09 10:40:05,801] INFO  at ui.commands.AbExecuteCLI.execute(            ?:?)     - CLI operation success!!
[2017-06-09 10:40:08,889] ERROR at ut.run.CSProgressListener.processing(            ?:?)     - module failed!
[2017-06-09 10:40:08,948] ERROR at ui.commands.AbExecuteCLI.execute(            ?:?)     - CLI operation fail!!
[2017-06-09 10:40:08,956] ERROR at ui.commands.AbExecuteCLI.execute(            ?:?)     - CLI operation fail!!
[2017-06-09 10:44:38,063] INFO  at ui.commands.AbExecuteCLI.execute(            ?:?)     - CLI operation success!!
[2017-06-09 10:44:38,077] INFO  at ui.commands.AbExecuteCLI.execute(            ?:?)     - CLI operation success!!
[2017-06-09 10:44:42,149] INFO  at ui.commands.AbExecuteCLI.execute(            ?:?)     - CLI operation success!!
[2017-06-09 10:44:42,167] INFO  at ui.commands.AbExecuteCLI.execute(            ?:?)     - CLI operation success!!
[2017-06-09 10:44:47,222] INFO  at ui.commands.AbExecuteCLI.execute(            ?:?)     - CLI operation success!!
[2017-06-09 10:44:47,231] INFO  at ui.commands.AbExecuteCLI.execute(            ?:?)     - CLI operation success!!
[2017-06-09 10:51:00,444] INFO  at ui.commands.ExecutePA.runPA(            ?:?)     - PA operation success!!
[2017-06-09 10:51:02,577] INFO  at ui.commands.AbExecuteCLI.execute(            ?:?)     - CLI operation success!!
[2017-06-09 10:51:02,586] INFO  at ui.commands.AbExecuteCLI.execute(            ?:?)     - CLI operation success!!
[2017-06-09 10:51:05,515] INFO  at manager.test.TestCreator.createTest(            ?:?)     - [UI] Test Create : Start
[2017-06-09 10:51:06,753] INFO  at manager.test.TestCreator.createTest(            ?:?)     - [UI] Test Create : End
[2017-06-09 10:53:19,545] INFO  at ui.commands.AbExecuteCLI.execute(            ?:?)     - CLI operation success!!
[2017-06-09 10:53:19,554] INFO  at ui.commands.AbExecuteCLI.execute(            ?:?)     - CLI operation success!!
[2017-06-09 10:53:23,601] ERROR at ut.run.CSProgressListener.processing(            ?:?)     - module failed!
[2017-06-09 10:53:23,647] ERROR at ui.commands.AbExecuteCLI.execute(            ?:?)     - CLI operation fail!!
[2017-06-09 10:53:23,652] ERROR at ui.commands.AbExecuteCLI.execute(            ?:?)     - CLI operation fail!!
[2017-06-09 10:53:43,292] INFO  at ui.commands.ExecutePA.runPA(            ?:?)     - PA operation success!!
[2017-06-09 10:53:45,901] INFO  at ui.commands.AbExecuteCLI.execute(            ?:?)     - CLI operation success!!
[2017-06-09 10:53:45,910] INFO  at ui.commands.AbExecuteCLI.execute(            ?:?)     - CLI operation success!!
[2017-06-09 10:53:49,975] INFO  at ui.commands.AbExecuteCLI.execute(            ?:?)     - CLI operation success!!
[2017-06-09 10:53:49,989] INFO  at ui.commands.AbExecuteCLI.execute(            ?:?)     - CLI operation success!!
[2017-06-09 10:53:55,043] INFO  at ui.commands.AbExecuteCLI.execute(            ?:?)     - CLI operation success!!
[2017-06-09 10:53:55,057] INFO  at ui.commands.AbExecuteCLI.execute(            ?:?)     - CLI operation success!!
[2017-06-09 10:57:54,827] INFO  at ui.commands.AbExecuteCLI.execute(            ?:?)     - CLI operation success!!
[2017-06-09 10:57:54,835] INFO  at ui.commands.AbExecuteCLI.execute(            ?:?)     - CLI operation success!!
[2017-06-09 10:57:58,900] INFO  at ui.commands.AbExecuteCLI.execute(            ?:?)     - CLI operation success!!
[2017-06-09 10:57:58,932] INFO  at ui.commands.AbExecuteCLI.execute(            ?:?)     - CLI operation success!!
[2017-06-09 10:58:03,985] INFO  at ui.commands.AbExecuteCLI.execute(            ?:?)     - CLI operation success!!
[2017-06-09 10:58:03,989] INFO  at ui.commands.AbExecuteCLI.execute(            ?:?)     - CLI operation success!!
[2017-06-09 10:58:04,280] INFO  at views.coverage.CoverageView.eventTriggered(            ?:?)     - CoverageEventStart
[2017-06-09 10:58:04,291] INFO  at views.coverage.CoverageView.eventTriggered(            ?:?)     - Coverage Event End
[2017-06-09 10:58:10,302] INFO  at views.coverage.CoverageView.eventTriggered(            ?:?)     - CoverageEventStart
[2017-06-09 10:58:10,334] INFO  at views.coverage.CoverageView.eventTriggered(            ?:?)     - Coverage Event End
[2017-06-09 10:58:11,580] INFO  at views.coverage.CoverageView.eventTriggered(            ?:?)     - CoverageEventStart
[2017-06-09 10:58:11,594] INFO  at views.coverage.CoverageView.eventTriggered(            ?:?)     - Coverage Event End
[2017-06-09 10:58:42,426] INFO  at views.coverage.CoverageView.eventTriggered(            ?:?)     - CoverageEventStart
[2017-06-09 10:58:42,450] INFO  at views.coverage.CoverageView.eventTriggered(            ?:?)     - Coverage Event End
[2017-06-09 10:58:46,062] INFO  at views.coverage.CoverageView.eventTriggered(            ?:?)     - CoverageEventStart
[2017-06-09 10:58:46,088] INFO  at views.coverage.CoverageView.eventTriggered(            ?:?)     - Coverage Event End
[2017-06-09 10:58:47,357] INFO  at views.coverage.CoverageView.eventTriggered(            ?:?)     - CoverageEventStart
[2017-06-09 10:58:47,393] INFO  at views.coverage.CoverageView.eventTriggered(            ?:?)     - Coverage Event End
[2017-06-09 10:58:48,105] INFO  at views.coverage.CoverageView.eventTriggered(            ?:?)     - CoverageEventStart
[2017-06-09 10:58:48,121] INFO  at views.coverage.CoverageView.eventTriggered(            ?:?)     - Coverage Event End
[2017-06-09 10:58:52,162] INFO  at views.coverage.CoverageView.eventTriggered(            ?:?)     - CoverageEventStart
[2017-06-09 10:58:52,190] INFO  at views.coverage.CoverageView.eventTriggered(            ?:?)     - Coverage Event End
[2017-06-09 10:58:52,259] INFO  at views.coverage.CoverageView.eventTriggered(            ?:?)     - CoverageEventStart
[2017-06-09 10:58:52,267] INFO  at views.coverage.CoverageView.eventTriggered(            ?:?)     - Coverage Event End
[2017-06-09 10:58:56,142] INFO  at ui.commands.AbExecuteCLI.execute(            ?:?)     - CLI operation success!!
[2017-06-09 10:58:56,148] INFO  at ui.commands.AbExecuteCLI.execute(            ?:?)     - CLI operation success!!
[2017-06-09 10:58:59,189] INFO  at ui.commands.AbExecuteCLI.execute(            ?:?)     - CLI operation success!!
[2017-06-09 10:58:59,193] INFO  at ui.commands.AbExecuteCLI.execute(            ?:?)     - CLI operation success!!
[2017-06-09 10:59:04,233] INFO  at ui.commands.AbExecuteCLI.execute(            ?:?)     - CLI operation success!!
[2017-06-09 10:59:04,246] INFO  at ui.commands.AbExecuteCLI.execute(            ?:?)     - CLI operation success!!
[2017-06-09 10:59:04,845] INFO  at views.coverage.CoverageView.eventTriggered(            ?:?)     - CoverageEventStart
[2017-06-09 10:59:04,852] INFO  at views.coverage.CoverageView.eventTriggered(            ?:?)     - Coverage Event End
[2017-06-09 10:59:06,749] INFO  at views.coverage.CoverageView.eventTriggered(            ?:?)     - CoverageEventStart
[2017-06-09 10:59:06,772] INFO  at views.coverage.CoverageView.eventTriggered(            ?:?)     - Coverage Event End
[2017-06-09 10:59:08,630] INFO  at views.coverage.CoverageView.eventTriggered(            ?:?)     - CoverageEventStart
[2017-06-09 10:59:08,663] INFO  at views.coverage.CoverageView.eventTriggered(            ?:?)     - Coverage Event End
[2017-06-09 10:59:12,963] INFO  at views.coverage.CoverageView.eventTriggered(            ?:?)     - CoverageEventStart
[2017-06-09 10:59:12,975] INFO  at views.coverage.CoverageView.eventTriggered(            ?:?)     - Coverage Event End
[2017-06-09 10:59:13,071] INFO  at views.coverage.CoverageView.eventTriggered(            ?:?)     - CoverageEventStart
[2017-06-09 10:59:13,075] INFO  at views.coverage.CoverageView.eventTriggered(            ?:?)     - Coverage Event End
[2017-06-09 10:59:13,655] INFO  at views.coverage.CoverageView.eventTriggered(            ?:?)     - CoverageEventStart
[2017-06-09 10:59:13,668] INFO  at views.coverage.CoverageView.eventTriggered(            ?:?)     - Coverage Event End
[2017-06-09 11:02:58,560] INFO  at ui.commands.AbExecuteCLI.execute(            ?:?)     - CLI operation success!!
[2017-06-09 11:02:58,566] INFO  at ui.commands.AbExecuteCLI.execute(            ?:?)     - CLI operation success!!
[2017-06-09 11:03:02,614] INFO  at ui.commands.AbExecuteCLI.execute(            ?:?)     - CLI operation success!!
[2017-06-09 11:03:02,618] INFO  at ui.commands.AbExecuteCLI.execute(            ?:?)     - CLI operation success!!
[2017-06-09 11:03:07,658] INFO  at ui.commands.AbExecuteCLI.execute(            ?:?)     - CLI operation success!!
[2017-06-09 11:03:07,670] INFO  at ui.commands.AbExecuteCLI.execute(            ?:?)     - CLI operation success!!
[2017-06-09 11:03:08,046] INFO  at views.coverage.CoverageView.eventTriggered(            ?:?)     - CoverageEventStart
[2017-06-09 11:03:08,057] INFO  at views.coverage.CoverageView.eventTriggered(            ?:?)     - Coverage Event End
[2017-06-09 11:08:03,806] INFO  at ui.commands.AbExecuteCLI.execute(            ?:?)     - CLI operation success!!
[2017-06-09 11:08:03,821] INFO  at ui.commands.AbExecuteCLI.execute(            ?:?)     - CLI operation success!!
[2017-06-09 11:08:07,897] INFO  at ui.commands.AbExecuteCLI.execute(            ?:?)     - CLI operation success!!
[2017-06-09 11:08:07,908] INFO  at ui.commands.AbExecuteCLI.execute(            ?:?)     - CLI operation success!!
[2017-06-09 11:08:12,966] INFO  at ui.commands.AbExecuteCLI.execute(            ?:?)     - CLI operation success!!
[2017-06-09 11:08:12,973] INFO  at ui.commands.AbExecuteCLI.execute(            ?:?)     - CLI operation success!!
[2017-06-09 11:08:13,296] INFO  at views.coverage.CoverageView.eventTriggered(            ?:?)     - CoverageEventStart
[2017-06-09 11:08:13,305] INFO  at views.coverage.CoverageView.eventTriggered(            ?:?)     - Coverage Event End
[2017-06-09 11:12:53,893] INFO  at ui.commands.AbExecuteCLI.execute(            ?:?)     - CLI operation success!!
[2017-06-09 11:12:53,904] INFO  at ui.commands.AbExecuteCLI.execute(            ?:?)     - CLI operation success!!
[2017-06-09 11:12:57,969] INFO  at ui.commands.AbExecuteCLI.execute(            ?:?)     - CLI operation success!!
[2017-06-09 11:12:57,979] INFO  at ui.commands.AbExecuteCLI.execute(            ?:?)     - CLI operation success!!
[2017-06-09 11:13:03,033] INFO  at ui.commands.AbExecuteCLI.execute(            ?:?)     - CLI operation success!!
[2017-06-09 11:13:03,044] INFO  at ui.commands.AbExecuteCLI.execute(            ?:?)     - CLI operation success!!
[2017-06-09 11:13:03,396] INFO  at views.coverage.CoverageView.eventTriggered(            ?:?)     - CoverageEventStart
[2017-06-09 11:13:03,404] INFO  at views.coverage.CoverageView.eventTriggered(            ?:?)     - Coverage Event End
[2017-06-09 11:13:05,905] INFO  at views.coverage.CoverageView.eventTriggered(            ?:?)     - CoverageEventStart
[2017-06-09 11:13:05,922] INFO  at views.coverage.CoverageView.eventTriggered(            ?:?)     - Coverage Event End
[2017-06-09 11:14:23,333] INFO  at ui.commands.AbExecuteCLI.execute(            ?:?)     - CLI operation success!!
[2017-06-09 11:14:23,336] INFO  at ui.commands.AbExecuteCLI.execute(            ?:?)     - CLI operation success!!
[2017-06-09 11:14:27,374] INFO  at ui.commands.AbExecuteCLI.execute(            ?:?)     - CLI operation success!!
[2017-06-09 11:14:27,379] INFO  at ui.commands.AbExecuteCLI.execute(            ?:?)     - CLI operation success!!
[2017-06-09 11:14:32,424] INFO  at ui.commands.AbExecuteCLI.execute(            ?:?)     - CLI operation success!!
[2017-06-09 11:14:32,437] INFO  at ui.commands.AbExecuteCLI.execute(            ?:?)     - CLI operation success!!
[2017-06-09 11:14:32,882] INFO  at views.coverage.CoverageView.eventTriggered(            ?:?)     - CoverageEventStart
[2017-06-09 11:14:32,888] INFO  at views.coverage.CoverageView.eventTriggered(            ?:?)     - Coverage Event End
[2017-06-09 11:15:19,781] INFO  at ui.commands.AbExecuteCLI.execute(            ?:?)     - CLI operation success!!
[2017-06-09 11:15:19,789] INFO  at ui.commands.AbExecuteCLI.execute(            ?:?)     - CLI operation success!!
[2017-06-09 11:15:23,839] INFO  at ui.commands.AbExecuteCLI.execute(            ?:?)     - CLI operation success!!
[2017-06-09 11:15:23,843] INFO  at ui.commands.AbExecuteCLI.execute(            ?:?)     - CLI operation success!!
[2017-06-09 11:15:28,888] INFO  at ui.commands.AbExecuteCLI.execute(            ?:?)     - CLI operation success!!
[2017-06-09 11:15:28,904] INFO  at ui.commands.AbExecuteCLI.execute(            ?:?)     - CLI operation success!!
[2017-06-09 11:15:29,177] INFO  at views.coverage.CoverageView.eventTriggered(            ?:?)     - CoverageEventStart
[2017-06-09 11:15:29,184] INFO  at views.coverage.CoverageView.eventTriggered(            ?:?)     - Coverage Event End
[2017-06-09 11:16:17,221] INFO  at ui.commands.AbExecuteCLI.execute(            ?:?)     - CLI operation success!!
[2017-06-09 11:16:17,224] INFO  at ui.commands.AbExecuteCLI.execute(            ?:?)     - CLI operation success!!
[2017-06-09 11:16:22,270] INFO  at ui.commands.AbExecuteCLI.execute(            ?:?)     - CLI operation success!!
[2017-06-09 11:16:22,277] INFO  at ui.commands.AbExecuteCLI.execute(            ?:?)     - CLI operation success!!
[2017-06-09 11:16:27,322] INFO  at ui.commands.AbExecuteCLI.execute(            ?:?)     - CLI operation success!!
[2017-06-09 11:16:27,331] INFO  at ui.commands.AbExecuteCLI.execute(            ?:?)     - CLI operation success!!
[2017-06-09 11:16:27,806] INFO  at views.coverage.CoverageView.eventTriggered(            ?:?)     - CoverageEventStart
[2017-06-09 11:16:27,811] INFO  at views.coverage.CoverageView.eventTriggered(            ?:?)     - Coverage Event End
[2017-06-09 11:17:03,000] INFO  at ui.commands.AbExecuteCLI.execute(            ?:?)     - CLI operation success!!
[2017-06-09 11:17:03,003] INFO  at ui.commands.AbExecuteCLI.execute(            ?:?)     - CLI operation success!!
[2017-06-09 11:17:06,048] ERROR at ut.run.CSProgressListener.processing(            ?:?)     - module failed!
[2017-06-09 11:17:06,108] ERROR at ui.commands.AbExecuteCLI.execute(            ?:?)     - CLI operation fail!!
[2017-06-09 11:17:06,111] ERROR at ui.commands.AbExecuteCLI.execute(            ?:?)     - CLI operation fail!!
[2017-06-09 11:17:42,404] INFO  at codescroll.ut.CSUTStartup.earlyStartup(            ?:?)     - Log properties are loaded successfuly!
[2017-06-09 11:18:09,137] INFO  at ui.commands.AbExecuteCLI.execute(            ?:?)     - CLI operation success!!
[2017-06-09 11:18:09,149] INFO  at ui.commands.AbExecuteCLI.execute(            ?:?)     - CLI operation success!!
[2017-06-09 11:18:13,197] INFO  at ui.commands.AbExecuteCLI.execute(            ?:?)     - CLI operation success!!
[2017-06-09 11:18:13,208] INFO  at ui.commands.AbExecuteCLI.execute(            ?:?)     - CLI operation success!!
[2017-06-09 11:18:18,249] INFO  at ui.commands.AbExecuteCLI.execute(            ?:?)     - CLI operation success!!
[2017-06-09 11:18:18,253] INFO  at ui.commands.AbExecuteCLI.execute(            ?:?)     - CLI operation success!!
[2017-06-09 11:20:33,355] INFO  at codescroll.ut.CSUTStartup.earlyStartup(            ?:?)     - Log properties are loaded successfuly!
[2017-06-09 11:20:49,313] INFO  at ui.commands.AbExecuteCLI.execute(            ?:?)     - CLI operation success!!
[2017-06-09 11:20:49,328] INFO  at ui.commands.AbExecuteCLI.execute(            ?:?)     - CLI operation success!!
[2017-06-09 11:20:51,434] ERROR at ut.run.CSProgressListener.processing(            ?:?)     - module failed!
[2017-06-09 11:20:51,598] ERROR at ui.commands.AbExecuteCLI.execute(            ?:?)     - CLI operation fail!!
[2017-06-09 11:20:51,603] ERROR at ui.commands.AbExecuteCLI.execute(            ?:?)     - CLI operation fail!!
[2017-06-09 11:21:08,221] INFO  at ui.commands.AbExecuteCLI.execute(            ?:?)     - CLI operation success!!
[2017-06-09 11:21:08,231] INFO  at ui.commands.AbExecuteCLI.execute(            ?:?)     - CLI operation success!!
[2017-06-09 11:21:12,280] INFO  at ui.commands.AbExecuteCLI.execute(            ?:?)     - CLI operation success!!
[2017-06-09 11:21:12,290] INFO  at ui.commands.AbExecuteCLI.execute(            ?:?)     - CLI operation success!!
[2017-06-09 11:21:17,340] INFO  at ui.commands.AbExecuteCLI.execute(            ?:?)     - CLI operation success!!
[2017-06-09 11:21:17,345] INFO  at ui.commands.AbExecuteCLI.execute(            ?:?)     - CLI operation success!!
[2017-06-09 11:22:36,808] INFO  at ui.commands.AbExecuteCLI.execute(            ?:?)     - CLI operation success!!
[2017-06-09 11:22:36,820] INFO  at ui.commands.AbExecuteCLI.execute(            ?:?)     - CLI operation success!!
[2017-06-09 11:22:40,947] INFO  at ui.commands.AbExecuteCLI.execute(            ?:?)     - CLI operation success!!
[2017-06-09 11:22:40,965] INFO  at ui.commands.AbExecuteCLI.execute(            ?:?)     - CLI operation success!!
[2017-06-09 11:22:46,036] INFO  at ui.commands.AbExecuteCLI.execute(            ?:?)     - CLI operation success!!
[2017-06-09 11:22:46,052] INFO  at ui.commands.AbExecuteCLI.execute(            ?:?)     - CLI operation success!!
[2017-06-09 11:24:04,308] INFO  at ui.commands.AbExecuteCLI.execute(            ?:?)     - CLI operation success!!
[2017-06-09 11:24:04,322] INFO  at ui.commands.AbExecuteCLI.execute(            ?:?)     - CLI operation success!!
[2017-06-09 11:24:08,376] INFO  at ui.commands.AbExecuteCLI.execute(            ?:?)     - CLI operation success!!
[2017-06-09 11:24:08,386] INFO  at ui.commands.AbExecuteCLI.execute(            ?:?)     - CLI operation success!!
[2017-06-09 11:24:13,441] INFO  at ui.commands.AbExecuteCLI.execute(            ?:?)     - CLI operation success!!
[2017-06-09 11:24:13,457] INFO  at ui.commands.AbExecuteCLI.execute(            ?:?)     - CLI operation success!!
[2017-06-09 11:25:25,266] INFO  at ui.commands.AbExecuteCLI.execute(            ?:?)     - CLI operation success!!
[2017-06-09 11:25:25,270] INFO  at ui.commands.AbExecuteCLI.execute(            ?:?)     - CLI operation success!!
[2017-06-09 11:25:29,307] INFO  at ui.commands.AbExecuteCLI.execute(            ?:?)     - CLI operation success!!
[2017-06-09 11:25:29,311] INFO  at ui.commands.AbExecuteCLI.execute(            ?:?)     - CLI operation success!!
[2017-06-09 11:25:34,353] INFO  at ui.commands.AbExecuteCLI.execute(            ?:?)     - CLI operation success!!
[2017-06-09 11:25:34,362] INFO  at ui.commands.AbExecuteCLI.execute(            ?:?)     - CLI operation success!!
[2017-06-09 11:26:23,672] INFO  at ui.commands.AbExecuteCLI.execute(            ?:?)     - CLI operation success!!
[2017-06-09 11:26:23,685] INFO  at ui.commands.AbExecuteCLI.execute(            ?:?)     - CLI operation success!!
[2017-06-09 11:26:27,760] INFO  at ui.commands.AbExecuteCLI.execute(            ?:?)     - CLI operation success!!
[2017-06-09 11:26:27,777] INFO  at ui.commands.AbExecuteCLI.execute(            ?:?)     - CLI operation success!!
[2017-06-09 11:26:32,871] INFO  at ui.commands.AbExecuteCLI.execute(            ?:?)     - CLI operation success!!
[2017-06-09 11:26:32,882] INFO  at ui.commands.AbExecuteCLI.execute(            ?:?)     - CLI operation success!!
[2017-06-09 11:36:32,616] INFO  at ui.commands.AbExecuteCLI.execute(            ?:?)     - CLI operation success!!
[2017-06-09 11:36:32,630] INFO  at ui.commands.AbExecuteCLI.execute(            ?:?)     - CLI operation success!!
[2017-06-09 11:36:36,705] INFO  at ui.commands.AbExecuteCLI.execute(            ?:?)     - CLI operation success!!
[2017-06-09 11:36:36,718] INFO  at ui.commands.AbExecuteCLI.execute(            ?:?)     - CLI operation success!!
[2017-06-09 11:36:41,761] INFO  at ui.commands.AbExecuteCLI.execute(            ?:?)     - CLI operation success!!
[2017-06-09 11:36:41,766] INFO  at ui.commands.AbExecuteCLI.execute(            ?:?)     - CLI operation success!!
[2017-06-09 11:43:31,591] INFO  at ui.commands.AbExecuteCLI.execute(            ?:?)     - CLI operation success!!
[2017-06-09 11:43:31,600] INFO  at ui.commands.AbExecuteCLI.execute(            ?:?)     - CLI operation success!!
[2017-06-09 11:43:35,674] INFO  at ui.commands.AbExecuteCLI.execute(            ?:?)     - CLI operation success!!
[2017-06-09 11:43:35,684] INFO  at ui.commands.AbExecuteCLI.execute(            ?:?)     - CLI operation success!!
[2017-06-09 11:43:40,736] INFO  at ui.commands.AbExecuteCLI.execute(            ?:?)     - CLI operation success!!
[2017-06-09 11:43:40,740] INFO  at ui.commands.AbExecuteCLI.execute(            ?:?)     - CLI operation success!!
[2017-06-09 11:43:40,966] INFO  at views.coverage.CoverageView.eventTriggered(            ?:?)     - CoverageEventStart
[2017-06-09 11:43:40,973] INFO  at views.coverage.CoverageView.eventTriggered(            ?:?)     - Coverage Event End
[2017-06-09 12:20:43,937] INFO  at ui.commands.AbExecuteCLI.execute(            ?:?)     - CLI operation success!!
[2017-06-09 12:20:43,941] INFO  at ui.commands.AbExecuteCLI.execute(            ?:?)     - CLI operation success!!
[2017-06-09 12:20:48,976] INFO  at ui.commands.AbExecuteCLI.execute(            ?:?)     - CLI operation success!!
[2017-06-09 12:20:48,980] INFO  at ui.commands.AbExecuteCLI.execute(            ?:?)     - CLI operation success!!
[2017-06-09 12:20:54,036] INFO  at ui.commands.AbExecuteCLI.execute(            ?:?)     - CLI operation success!!
[2017-06-09 12:20:54,041] INFO  at ui.commands.AbExecuteCLI.execute(            ?:?)     - CLI operation success!!
[2017-06-09 12:20:54,318] INFO  at views.coverage.CoverageView.eventTriggered(            ?:?)     - CoverageEventStart
[2017-06-09 12:20:54,335] INFO  at views.coverage.CoverageView.eventTriggered(            ?:?)     - Coverage Event End
[2017-06-09 12:21:42,242] INFO  at views.coverage.CoverageView.eventTriggered(            ?:?)     - CoverageEventStart
[2017-06-09 12:21:42,255] INFO  at views.coverage.CoverageView.eventTriggered(            ?:?)     - Coverage Event End
[2017-06-09 12:21:42,656] INFO  at views.coverage.CoverageView.eventTriggered(            ?:?)     - CoverageEventStart
[2017-06-09 12:21:42,662] INFO  at views.coverage.CoverageView.eventTriggered(            ?:?)     - Coverage Event End
[2017-06-09 12:24:56,027] INFO  at ui.commands.AbExecuteCLI.execute(            ?:?)     - CLI operation success!!
[2017-06-09 12:24:56,032] INFO  at ui.commands.AbExecuteCLI.execute(            ?:?)     - CLI operation success!!
[2017-06-09 12:25:00,080] INFO  at ui.commands.AbExecuteCLI.execute(            ?:?)     - CLI operation success!!
[2017-06-09 12:25:00,085] INFO  at ui.commands.AbExecuteCLI.execute(            ?:?)     - CLI operation success!!
[2017-06-09 12:25:05,122] INFO  at ui.commands.AbExecuteCLI.execute(            ?:?)     - CLI operation success!!
[2017-06-09 12:25:05,142] INFO  at ui.commands.AbExecuteCLI.execute(            ?:?)     - CLI operation success!!
[2017-06-09 12:25:05,446] INFO  at views.coverage.CoverageView.eventTriggered(            ?:?)     - CoverageEventStart
[2017-06-09 12:25:05,460] INFO  at views.coverage.CoverageView.eventTriggered(            ?:?)     - Coverage Event End
[2017-06-09 12:25:28,665] INFO  at ui.commands.AbExecuteCLI.execute(            ?:?)     - CLI operation success!!
[2017-06-09 12:25:28,676] INFO  at ui.commands.AbExecuteCLI.execute(            ?:?)     - CLI operation success!!
[2017-06-09 12:25:32,755] INFO  at ui.commands.AbExecuteCLI.execute(            ?:?)     - CLI operation success!!
[2017-06-09 12:25:32,761] INFO  at ui.commands.AbExecuteCLI.execute(            ?:?)     - CLI operation success!!
[2017-06-09 12:25:37,819] INFO  at ui.commands.AbExecuteCLI.execute(            ?:?)     - CLI operation success!!
[2017-06-09 12:25:37,823] INFO  at ui.commands.AbExecuteCLI.execute(            ?:?)     - CLI operation success!!
[2017-06-09 12:25:38,122] INFO  at views.coverage.CoverageView.eventTriggered(            ?:?)     - CoverageEventStart
[2017-06-09 12:25:38,128] INFO  at views.coverage.CoverageView.eventTriggered(            ?:?)     - Coverage Event End
[2017-06-09 12:25:42,961] INFO  at views.coverage.CoverageView.eventTriggered(            ?:?)     - CoverageEventStart
[2017-06-09 12:25:42,973] INFO  at views.coverage.CoverageView.eventTriggered(            ?:?)     - Coverage Event End
[2017-06-09 12:26:00,413] INFO  at ui.commands.AbExecuteCLI.execute(            ?:?)     - CLI operation success!!
[2017-06-09 12:26:00,422] INFO  at ui.commands.AbExecuteCLI.execute(            ?:?)     - CLI operation success!!
[2017-06-09 12:26:06,534] INFO  at ui.commands.AbExecuteCLI.execute(            ?:?)     - CLI operation success!!
[2017-06-09 12:26:06,538] INFO  at ui.commands.AbExecuteCLI.execute(            ?:?)     - CLI operation success!!
[2017-06-09 12:26:11,585] INFO  at ui.commands.AbExecuteCLI.execute(            ?:?)     - CLI operation success!!
[2017-06-09 12:26:11,603] INFO  at ui.commands.AbExecuteCLI.execute(            ?:?)     - CLI operation success!!
[2017-06-09 12:26:11,937] INFO  at views.coverage.CoverageView.eventTriggered(            ?:?)     - CoverageEventStart
[2017-06-09 12:26:11,943] INFO  at views.coverage.CoverageView.eventTriggered(            ?:?)     - Coverage Event End
[2017-06-09 12:30:22,999] INFO  at ui.commands.AbExecuteCLI.execute(            ?:?)     - CLI operation success!!
[2017-06-09 12:30:23,005] INFO  at ui.commands.AbExecuteCLI.execute(            ?:?)     - CLI operation success!!
[2017-06-09 12:30:27,069] INFO  at ui.commands.AbExecuteCLI.execute(            ?:?)     - CLI operation success!!
[2017-06-09 12:30:27,082] INFO  at ui.commands.AbExecuteCLI.execute(            ?:?)     - CLI operation success!!
[2017-06-09 12:30:33,134] INFO  at ui.commands.AbExecuteCLI.execute(            ?:?)     - CLI operation success!!
[2017-06-09 12:30:33,138] INFO  at ui.commands.AbExecuteCLI.execute(            ?:?)     - CLI operation success!!
[2017-06-09 12:30:33,430] INFO  at views.coverage.CoverageView.eventTriggered(            ?:?)     - CoverageEventStart
[2017-06-09 12:30:33,440] INFO  at views.coverage.CoverageView.eventTriggered(            ?:?)     - Coverage Event End
[2017-06-09 12:30:45,844] INFO  at ui.commands.AbExecuteCLI.execute(            ?:?)     - CLI operation success!!
[2017-06-09 12:30:45,853] INFO  at ui.commands.AbExecuteCLI.execute(            ?:?)     - CLI operation success!!
[2017-06-09 12:30:50,904] INFO  at ui.commands.AbExecuteCLI.execute(            ?:?)     - CLI operation success!!
[2017-06-09 12:30:50,911] INFO  at ui.commands.AbExecuteCLI.execute(            ?:?)     - CLI operation success!!
[2017-06-09 12:30:56,967] INFO  at ui.commands.AbExecuteCLI.execute(            ?:?)     - CLI operation success!!
[2017-06-09 12:30:56,985] INFO  at ui.commands.AbExecuteCLI.execute(            ?:?)     - CLI operation success!!
[2017-06-09 12:30:57,339] INFO  at views.coverage.CoverageView.eventTriggered(            ?:?)     - CoverageEventStart
[2017-06-09 12:30:57,345] INFO  at views.coverage.CoverageView.eventTriggered(            ?:?)     - Coverage Event End
[2017-06-09 12:31:48,222] INFO  at ui.commands.AbExecuteCLI.execute(            ?:?)     - CLI operation success!!
[2017-06-09 12:31:48,227] INFO  at ui.commands.AbExecuteCLI.execute(            ?:?)     - CLI operation success!!
[2017-06-09 12:31:52,274] INFO  at ui.commands.AbExecuteCLI.execute(            ?:?)     - CLI operation success!!
[2017-06-09 12:31:52,280] INFO  at ui.commands.AbExecuteCLI.execute(            ?:?)     - CLI operation success!!
[2017-06-09 12:31:58,325] INFO  at ui.commands.AbExecuteCLI.execute(            ?:?)     - CLI operation success!!
[2017-06-09 12:31:58,342] INFO  at ui.commands.AbExecuteCLI.execute(            ?:?)     - CLI operation success!!
[2017-06-09 12:31:58,667] INFO  at views.coverage.CoverageView.eventTriggered(            ?:?)     - CoverageEventStart
[2017-06-09 12:31:58,674] INFO  at views.coverage.CoverageView.eventTriggered(            ?:?)     - Coverage Event End
[2017-06-09 12:35:48,069] INFO  at ui.commands.AbExecuteCLI.execute(            ?:?)     - CLI operation success!!
[2017-06-09 12:35:48,074] INFO  at ui.commands.AbExecuteCLI.execute(            ?:?)     - CLI operation success!!
[2017-06-09 12:35:54,117] INFO  at ui.commands.AbExecuteCLI.execute(            ?:?)     - CLI operation success!!
[2017-06-09 12:35:54,127] INFO  at ui.commands.AbExecuteCLI.execute(            ?:?)     - CLI operation success!!
[2017-06-09 12:36:01,182] INFO  at ui.commands.AbExecuteCLI.execute(            ?:?)     - CLI operation success!!
[2017-06-09 12:36:01,196] INFO  at ui.commands.AbExecuteCLI.execute(            ?:?)     - CLI operation success!!
[2017-06-09 12:36:01,518] INFO  at views.coverage.CoverageView.eventTriggered(            ?:?)     - CoverageEventStart
[2017-06-09 12:36:01,524] INFO  at views.coverage.CoverageView.eventTriggered(            ?:?)     - Coverage Event End
[2017-06-09 12:40:17,373] INFO  at ui.commands.AbExecuteCLI.execute(            ?:?)     - CLI operation success!!
[2017-06-09 12:40:17,381] INFO  at ui.commands.AbExecuteCLI.execute(            ?:?)     - CLI operation success!!
[2017-06-09 12:40:21,451] INFO  at ui.commands.AbExecuteCLI.execute(            ?:?)     - CLI operation success!!
[2017-06-09 12:40:21,463] INFO  at ui.commands.AbExecuteCLI.execute(            ?:?)     - CLI operation success!!
[2017-06-09 12:40:28,521] INFO  at ui.commands.AbExecuteCLI.execute(            ?:?)     - CLI operation success!!
[2017-06-09 12:40:28,526] INFO  at ui.commands.AbExecuteCLI.execute(            ?:?)     - CLI operation success!!
[2017-06-09 12:40:28,823] INFO  at views.coverage.CoverageView.eventTriggered(            ?:?)     - CoverageEventStart
[2017-06-09 12:40:28,834] INFO  at views.coverage.CoverageView.eventTriggered(            ?:?)     - Coverage Event End
[2017-06-09 12:41:38,204] INFO  at views.coverage.CoverageView.eventTriggered(            ?:?)     - CoverageEventStart
[2017-06-09 12:41:38,222] INFO  at views.coverage.CoverageView.eventTriggered(            ?:?)     - Coverage Event End
[2017-06-09 12:41:41,091] INFO  at views.coverage.CoverageView.eventTriggered(            ?:?)     - CoverageEventStart
[2017-06-09 12:41:41,097] INFO  at views.coverage.CoverageView.eventTriggered(            ?:?)     - Coverage Event End
[2017-06-09 12:41:48,755] INFO  at views.coverage.CoverageView.eventTriggered(            ?:?)     - CoverageEventStart
[2017-06-09 12:41:48,782] INFO  at views.coverage.CoverageView.eventTriggered(            ?:?)     - Coverage Event End
[2017-06-09 12:41:52,293] INFO  at views.coverage.CoverageView.eventTriggered(            ?:?)     - CoverageEventStart
[2017-06-09 12:41:52,319] INFO  at views.coverage.CoverageView.eventTriggered(            ?:?)     - Coverage Event End
[2017-06-09 12:42:15,480] INFO  at ui.commands.AbExecuteCLI.execute(            ?:?)     - CLI operation success!!
[2017-06-09 12:42:15,489] INFO  at ui.commands.AbExecuteCLI.execute(            ?:?)     - CLI operation success!!
[2017-06-09 12:42:20,583] INFO  at ui.commands.AbExecuteCLI.execute(            ?:?)     - CLI operation success!!
[2017-06-09 12:42:20,600] INFO  at ui.commands.AbExecuteCLI.execute(            ?:?)     - CLI operation success!!
[2017-06-09 12:43:15,659] INFO  at ui.commands.AbExecuteCLI.execute(            ?:?)     - CLI operation success!!
[2017-06-09 12:43:15,669] INFO  at ui.commands.AbExecuteCLI.execute(            ?:?)     - CLI operation success!!
[2017-06-09 12:43:16,031] INFO  at views.coverage.CoverageView.eventTriggered(            ?:?)     - CoverageEventStart
[2017-06-09 12:43:16,038] INFO  at views.coverage.CoverageView.eventTriggered(            ?:?)     - Coverage Event End
[2017-06-09 12:43:21,636] INFO  at views.coverage.CoverageView.eventTriggered(            ?:?)     - CoverageEventStart
[2017-06-09 12:43:21,660] INFO  at views.coverage.CoverageView.eventTriggered(            ?:?)     - Coverage Event End
[2017-06-09 12:43:24,408] INFO  at views.coverage.CoverageView.eventTriggered(            ?:?)     - CoverageEventStart
[2017-06-09 12:43:24,419] INFO  at views.coverage.CoverageView.eventTriggered(            ?:?)     - Coverage Event End
[2017-06-09 13:05:12,734] INFO  at views.coverage.CoverageView.eventTriggered(            ?:?)     - CoverageEventStart
[2017-06-09 13:05:12,777] INFO  at views.coverage.CoverageView.eventTriggered(            ?:?)     - Coverage Event End
[2017-06-09 13:13:38,033] INFO  at ui.commands.AbExecuteCLI.execute(            ?:?)     - CLI operation success!!
[2017-06-09 13:13:38,050] INFO  at ui.commands.AbExecuteCLI.execute(            ?:?)     - CLI operation success!!
[2017-06-09 13:13:44,115] INFO  at ui.commands.AbExecuteCLI.execute(            ?:?)     - CLI operation success!!
[2017-06-09 13:13:44,132] INFO  at ui.commands.AbExecuteCLI.execute(            ?:?)     - CLI operation success!!
[2017-06-09 13:14:32,206] INFO  at ui.commands.AbExecuteCLI.execute(            ?:?)     - CLI operation success!!
[2017-06-09 13:14:32,217] INFO  at ui.commands.AbExecuteCLI.execute(            ?:?)     - CLI operation success!!
[2017-06-09 13:14:32,587] INFO  at views.coverage.CoverageView.eventTriggered(            ?:?)     - CoverageEventStart
[2017-06-09 13:14:32,594] INFO  at views.coverage.CoverageView.eventTriggered(            ?:?)     - Coverage Event End
[2017-06-09 13:14:36,945] INFO  at views.coverage.CoverageView.eventTriggered(            ?:?)     - CoverageEventStart
[2017-06-09 13:14:36,959] INFO  at views.coverage.CoverageView.eventTriggered(            ?:?)     - Coverage Event End
[2017-06-09 13:14:38,724] INFO  at views.coverage.CoverageView.eventTriggered(            ?:?)     - CoverageEventStart
[2017-06-09 13:14:38,742] INFO  at views.coverage.CoverageView.eventTriggered(            ?:?)     - Coverage Event End
[2017-06-09 13:14:43,287] INFO  at views.coverage.CoverageView.eventTriggered(            ?:?)     - CoverageEventStart
[2017-06-09 13:14:43,297] INFO  at views.coverage.CoverageView.eventTriggered(            ?:?)     - Coverage Event End
[2017-06-09 13:14:52,678] INFO  at views.coverage.CoverageView.eventTriggered(            ?:?)     - CoverageEventStart
[2017-06-09 13:14:52,710] INFO  at views.coverage.CoverageView.eventTriggered(            ?:?)     - Coverage Event End
[2017-06-09 13:15:26,847] INFO  at ui.commands.AbExecuteCLI.execute(            ?:?)     - CLI operation success!!
[2017-06-09 13:15:26,865] INFO  at ui.commands.AbExecuteCLI.execute(            ?:?)     - CLI operation success!!
[2017-06-09 13:15:31,925] INFO  at ui.commands.AbExecuteCLI.execute(            ?:?)     - CLI operation success!!
[2017-06-09 13:15:31,934] INFO  at ui.commands.AbExecuteCLI.execute(            ?:?)     - CLI operation success!!
[2017-06-09 13:16:17,982] INFO  at ui.commands.AbExecuteCLI.execute(            ?:?)     - CLI operation success!!
[2017-06-09 13:16:17,995] INFO  at ui.commands.AbExecuteCLI.execute(            ?:?)     - CLI operation success!!
[2017-06-09 13:16:18,357] INFO  at views.coverage.CoverageView.eventTriggered(            ?:?)     - CoverageEventStart
[2017-06-09 13:16:18,364] INFO  at views.coverage.CoverageView.eventTriggered(            ?:?)     - Coverage Event End
[2017-06-09 13:17:24,790] INFO  at views.coverage.CoverageView.eventTriggered(            ?:?)     - CoverageEventStart
[2017-06-09 13:17:24,803] INFO  at views.coverage.CoverageView.eventTriggered(            ?:?)     - Coverage Event End
[2017-06-09 13:33:25,369] INFO  at views.coverage.CoverageView.eventTriggered(            ?:?)     - CoverageEventStart
[2017-06-09 13:33:25,379] INFO  at views.coverage.CoverageView.eventTriggered(            ?:?)     - Coverage Event End
[2017-06-09 13:33:28,308] INFO  at views.coverage.CoverageView.eventTriggered(            ?:?)     - CoverageEventStart
[2017-06-09 13:33:28,315] INFO  at views.coverage.CoverageView.eventTriggered(            ?:?)     - Coverage Event End
[2017-06-09 13:33:35,190] INFO  at ui.commands.AbExecuteCLI$1$1.run(            ?:?)     - CLI operation success!!
[2017-06-09 13:33:36,529] INFO  at views.coverage.CoverageView.eventTriggered(            ?:?)     - CoverageEventStart
[2017-06-09 13:33:36,556] INFO  at views.coverage.CoverageView.eventTriggered(            ?:?)     - Coverage Event End
[2017-06-09 13:33:40,992] INFO  at ui.commands.AbExecuteCLI.execute(            ?:?)     - CLI operation success!!
[2017-06-09 13:33:41,000] INFO  at ui.commands.AbExecuteCLI.execute(            ?:?)     - CLI operation success!!
[2017-06-09 13:33:47,080] INFO  at ui.commands.AbExecuteCLI.execute(            ?:?)     - CLI operation success!!
[2017-06-09 13:33:47,091] INFO  at ui.commands.AbExecuteCLI.execute(            ?:?)     - CLI operation success!!
[2017-06-09 13:34:15,136] INFO  at ui.commands.AbExecuteCLI.execute(            ?:?)     - CLI operation success!!
[2017-06-09 13:34:15,141] INFO  at ui.commands.AbExecuteCLI.execute(            ?:?)     - CLI operation success!!
[2017-06-09 13:34:15,443] INFO  at views.coverage.CoverageView.eventTriggered(            ?:?)     - CoverageEventStart
[2017-06-09 13:34:15,450] INFO  at views.coverage.CoverageView.eventTriggered(            ?:?)     - Coverage Event End
[2017-06-09 13:34:19,369] INFO  at views.coverage.CoverageView.eventTriggered(            ?:?)     - CoverageEventStart
[2017-06-09 13:34:19,380] INFO  at views.coverage.CoverageView.eventTriggered(            ?:?)     - Coverage Event End
[2017-06-09 13:34:26,326] INFO  at views.coverage.CoverageView.eventTriggered(            ?:?)     - CoverageEventStart
[2017-06-09 13:34:26,340] INFO  at views.coverage.CoverageView.eventTriggered(            ?:?)     - Coverage Event End
[2017-06-09 13:43:19,681] INFO  at views.coverage.CoverageView.eventTriggered(            ?:?)     - CoverageEventStart
[2017-06-09 13:43:19,695] INFO  at views.coverage.CoverageView.eventTriggered(            ?:?)     - Coverage Event End
[2017-06-09 13:44:12,540] INFO  at codescroll.ut.CSUTStartup.earlyStartup(            ?:?)     - Log properties are loaded successfuly!
[2017-06-09 13:44:24,327] INFO  at ui.commands.AbExecuteCLI.execute(            ?:?)     - CLI operation success!!
[2017-06-09 13:44:24,337] INFO  at ui.commands.AbExecuteCLI.execute(            ?:?)     - CLI operation success!!
[2017-06-09 13:44:29,385] INFO  at ui.commands.AbExecuteCLI.execute(            ?:?)     - CLI operation success!!
[2017-06-09 13:44:29,391] INFO  at ui.commands.AbExecuteCLI.execute(            ?:?)     - CLI operation success!!
[2017-06-09 13:44:50,439] INFO  at ui.commands.AbExecuteCLI.execute(            ?:?)     - CLI operation success!!
[2017-06-09 13:44:50,446] INFO  at ui.commands.AbExecuteCLI.execute(            ?:?)     - CLI operation success!!
[2017-06-09 13:44:58,791] INFO  at views.coverage.CoverageView.eventTriggered(            ?:?)     - CoverageEventStart
[2017-06-09 13:44:58,805] INFO  at views.coverage.CoverageView.eventTriggered(            ?:?)     - Coverage Event End
[2017-06-09 13:46:39,939] INFO  at ui.commands.AbExecuteCLI.execute(            ?:?)     - CLI operation success!!
[2017-06-09 13:46:39,949] INFO  at ui.commands.AbExecuteCLI.execute(            ?:?)     - CLI operation success!!
[2017-06-09 13:46:45,003] INFO  at ui.commands.AbExecuteCLI.execute(            ?:?)     - CLI operation success!!
[2017-06-09 13:46:45,018] INFO  at ui.commands.AbExecuteCLI.execute(            ?:?)     - CLI operation success!!
[2017-06-09 13:47:07,082] INFO  at ui.commands.AbExecuteCLI.execute(            ?:?)     - CLI operation success!!
[2017-06-09 13:47:07,096] INFO  at ui.commands.AbExecuteCLI.execute(            ?:?)     - CLI operation success!!
[2017-06-09 13:47:07,357] INFO  at views.coverage.CoverageView.eventTriggered(            ?:?)     - CoverageEventStart
[2017-06-09 13:47:07,368] INFO  at views.coverage.CoverageView.eventTriggered(            ?:?)     - Coverage Event End
[2017-06-09 13:57:43,730] INFO  at ui.commands.AbExecuteCLI.execute(            ?:?)     - CLI operation success!!
[2017-06-09 13:57:43,745] INFO  at ui.commands.AbExecuteCLI.execute(            ?:?)     - CLI operation success!!
[2017-06-09 13:57:49,810] INFO  at ui.commands.AbExecuteCLI.execute(            ?:?)     - CLI operation success!!
[2017-06-09 13:57:49,829] INFO  at ui.commands.AbExecuteCLI.execute(            ?:?)     - CLI operation success!!
[2017-06-09 13:58:17,888] INFO  at ui.commands.AbExecuteCLI.execute(            ?:?)     - CLI operation success!!
[2017-06-09 13:58:17,894] INFO  at ui.commands.AbExecuteCLI.execute(            ?:?)     - CLI operation success!!
[2017-06-09 13:58:18,141] INFO  at views.coverage.CoverageView.eventTriggered(            ?:?)     - CoverageEventStart
[2017-06-09 13:58:18,151] INFO  at views.coverage.CoverageView.eventTriggered(            ?:?)     - Coverage Event End
[2017-06-09 14:04:45,416] INFO  at ui.commands.AbExecuteCLI.execute(            ?:?)     - CLI operation success!!
[2017-06-09 14:04:45,422] INFO  at ui.commands.AbExecuteCLI.execute(            ?:?)     - CLI operation success!!
[2017-06-09 14:04:54,789] INFO  at codescroll.ut.CSUTStartup.earlyStartup(            ?:?)     - Log properties are loaded successfuly!
[2017-06-09 14:05:05,180] INFO  at ui.commands.AbExecuteCLI.execute(            ?:?)     - CLI operation success!!
[2017-06-09 14:05:05,185] INFO  at ui.commands.AbExecuteCLI.execute(            ?:?)     - CLI operation success!!
[2017-06-09 14:05:11,232] INFO  at ui.commands.AbExecuteCLI.execute(            ?:?)     - CLI operation success!!
[2017-06-09 14:05:11,247] INFO  at ui.commands.AbExecuteCLI.execute(            ?:?)     - CLI operation success!!
[2017-06-09 14:05:39,298] INFO  at ui.commands.AbExecuteCLI.execute(            ?:?)     - CLI operation success!!
[2017-06-09 14:05:39,303] INFO  at ui.commands.AbExecuteCLI.execute(            ?:?)     - CLI operation success!!
[2017-06-09 14:06:11,484] INFO  at views.coverage.CoverageView.eventTriggered(            ?:?)     - CoverageEventStart
[2017-06-09 14:06:11,498] INFO  at views.coverage.CoverageView.eventTriggered(            ?:?)     - Coverage Event End
[2017-06-09 14:07:04,900] INFO  at ui.commands.AbExecuteCLI.execute(            ?:?)     - CLI operation success!!
[2017-06-09 14:07:04,939] INFO  at ui.commands.AbExecuteCLI.execute(            ?:?)     - CLI operation success!!
[2017-06-09 14:07:10,019] INFO  at ui.commands.AbExecuteCLI.execute(            ?:?)     - CLI operation success!!
[2017-06-09 14:07:10,038] INFO  at ui.commands.AbExecuteCLI.execute(            ?:?)     - CLI operation success!!
[2017-06-09 14:07:31,124] INFO  at ui.commands.AbExecuteCLI.execute(            ?:?)     - CLI operation success!!
[2017-06-09 14:07:31,134] INFO  at ui.commands.AbExecuteCLI.execute(            ?:?)     - CLI operation success!!
[2017-06-09 14:07:31,458] INFO  at views.coverage.CoverageView.eventTriggered(            ?:?)     - CoverageEventStart
[2017-06-09 14:07:31,473] INFO  at views.coverage.CoverageView.eventTriggered(            ?:?)     - Coverage Event End
[2017-06-09 14:09:54,813] INFO  at ui.commands.AbExecuteCLI.execute(            ?:?)     - CLI operation success!!
[2017-06-09 14:09:54,820] INFO  at ui.commands.AbExecuteCLI.execute(            ?:?)     - CLI operation success!!
[2017-06-09 14:10:00,874] INFO  at ui.commands.AbExecuteCLI.execute(            ?:?)     - CLI operation success!!
[2017-06-09 14:10:00,881] INFO  at ui.commands.AbExecuteCLI.execute(            ?:?)     - CLI operation success!!
[2017-06-09 14:10:28,929] INFO  at ui.commands.AbExecuteCLI.execute(            ?:?)     - CLI operation success!!
[2017-06-09 14:10:28,933] INFO  at ui.commands.AbExecuteCLI.execute(            ?:?)     - CLI operation success!!
[2017-06-09 14:10:29,186] INFO  at views.coverage.CoverageView.eventTriggered(            ?:?)     - CoverageEventStart
[2017-06-09 14:10:29,194] INFO  at views.coverage.CoverageView.eventTriggered(            ?:?)     - Coverage Event End
[2017-06-09 14:11:34,153] INFO  at ui.commands.AbExecuteCLI.execute(            ?:?)     - CLI operation success!!
[2017-06-09 14:11:34,171] INFO  at ui.commands.AbExecuteCLI.execute(            ?:?)     - CLI operation success!!
[2017-06-09 14:11:40,258] INFO  at ui.commands.AbExecuteCLI.execute(            ?:?)     - CLI operation success!!
[2017-06-09 14:11:40,274] INFO  at ui.commands.AbExecuteCLI.execute(            ?:?)     - CLI operation success!!
[2017-06-09 14:12:09,365] INFO  at ui.commands.AbExecuteCLI.execute(            ?:?)     - CLI operation success!!
[2017-06-09 14:12:09,370] INFO  at ui.commands.AbExecuteCLI.execute(            ?:?)     - CLI operation success!!
[2017-06-09 14:12:09,661] INFO  at views.coverage.CoverageView.eventTriggered(            ?:?)     - CoverageEventStart
[2017-06-09 14:12:09,668] INFO  at views.coverage.CoverageView.eventTriggered(            ?:?)     - Coverage Event End
[2017-06-09 14:12:22,073] INFO  at views.coverage.CoverageView.eventTriggered(            ?:?)     - CoverageEventStart
[2017-06-09 14:12:22,093] INFO  at views.coverage.CoverageView.eventTriggered(            ?:?)     - Coverage Event End
[2017-06-09 14:12:27,313] INFO  at ui.commands.AbExecuteCLI.execute(            ?:?)     - CLI operation success!!
[2017-06-09 14:12:27,322] INFO  at ui.commands.AbExecuteCLI.execute(            ?:?)     - CLI operation success!!
[2017-06-09 14:12:33,380] INFO  at ui.commands.AbExecuteCLI.execute(            ?:?)     - CLI operation success!!
[2017-06-09 14:12:33,394] INFO  at ui.commands.AbExecuteCLI.execute(            ?:?)     - CLI operation success!!
[2017-06-09 14:12:37,444] INFO  at ui.commands.AbExecuteCLI.execute(            ?:?)     - CLI operation success!!
[2017-06-09 14:12:37,450] INFO  at ui.commands.AbExecuteCLI.execute(            ?:?)     - CLI operation success!!
[2017-06-09 14:12:37,924] INFO  at views.coverage.CoverageView.eventTriggered(            ?:?)     - CoverageEventStart
[2017-06-09 14:12:37,931] INFO  at views.coverage.CoverageView.eventTriggered(            ?:?)     - Coverage Event End
[2017-06-09 14:18:08,573] INFO  at ui.commands.AbExecuteCLI.execute(            ?:?)     - CLI operation success!!
[2017-06-09 14:18:08,580] INFO  at ui.commands.AbExecuteCLI.execute(            ?:?)     - CLI operation success!!
[2017-06-09 14:18:08,884] INFO  at views.coverage.CoverageView.eventTriggered(            ?:?)     - CoverageEventStart
[2017-06-09 14:18:08,891] INFO  at views.coverage.CoverageView.eventTriggered(            ?:?)     - Coverage Event End
[2017-06-09 14:18:25,526] INFO  at ui.commands.AbExecuteCLI.execute(            ?:?)     - CLI operation success!!
[2017-06-09 14:18:25,540] INFO  at ui.commands.AbExecuteCLI.execute(            ?:?)     - CLI operation success!!
[2017-06-09 14:18:31,613] INFO  at ui.commands.AbExecuteCLI.execute(            ?:?)     - CLI operation success!!
[2017-06-09 14:18:31,628] INFO  at ui.commands.AbExecuteCLI.execute(            ?:?)     - CLI operation success!!
[2017-06-09 14:18:35,689] INFO  at ui.commands.AbExecuteCLI.execute(            ?:?)     - CLI operation success!!
[2017-06-09 14:18:35,698] INFO  at ui.commands.AbExecuteCLI.execute(            ?:?)     - CLI operation success!!
[2017-06-09 14:18:36,188] INFO  at views.coverage.CoverageView.eventTriggered(            ?:?)     - CoverageEventStart
[2017-06-09 14:18:36,195] INFO  at views.coverage.CoverageView.eventTriggered(            ?:?)     - Coverage Event End
[2017-06-09 14:32:54,355] INFO  at ui.commands.AbExecuteCLI.execute(            ?:?)     - CLI operation success!!
[2017-06-09 14:32:54,362] INFO  at ui.commands.AbExecuteCLI.execute(            ?:?)     - CLI operation success!!
[2017-06-09 14:33:01,414] INFO  at ui.commands.AbExecuteCLI.execute(            ?:?)     - CLI operation success!!
[2017-06-09 14:33:01,427] INFO  at ui.commands.AbExecuteCLI.execute(            ?:?)     - CLI operation success!!
[2017-06-09 14:33:05,503] INFO  at ui.commands.AbExecuteCLI.execute(            ?:?)     - CLI operation success!!
[2017-06-09 14:33:05,511] INFO  at ui.commands.AbExecuteCLI.execute(            ?:?)     - CLI operation success!!
[2017-06-09 14:33:05,986] INFO  at views.coverage.CoverageView.eventTriggered(            ?:?)     - CoverageEventStart
[2017-06-09 14:33:05,992] INFO  at views.coverage.CoverageView.eventTriggered(            ?:?)     - Coverage Event End
[2017-06-09 14:33:17,766] INFO  at views.coverage.CoverageView.eventTriggered(            ?:?)     - CoverageEventStart
[2017-06-09 14:33:17,772] INFO  at views.coverage.CoverageView.eventTriggered(            ?:?)     - Coverage Event End
[2017-06-09 14:33:34,503] INFO  at ui.commands.AbExecuteCLI.execute(            ?:?)     - CLI operation success!!
[2017-06-09 14:33:34,516] INFO  at ui.commands.AbExecuteCLI.execute(            ?:?)     - CLI operation success!!
[2017-06-09 14:33:43,582] INFO  at ui.commands.AbExecuteCLI.execute(            ?:?)     - CLI operation success!!
[2017-06-09 14:33:43,586] INFO  at ui.commands.AbExecuteCLI.execute(            ?:?)     - CLI operation success!!
[2017-06-09 14:34:12,623] INFO  at ui.commands.AbExecuteCLI.execute(            ?:?)     - CLI operation success!!
[2017-06-09 14:34:12,631] INFO  at ui.commands.AbExecuteCLI.execute(            ?:?)     - CLI operation success!!
[2017-06-09 14:34:12,982] INFO  at views.coverage.CoverageView.eventTriggered(            ?:?)     - CoverageEventStart
[2017-06-09 14:34:12,995] INFO  at views.coverage.CoverageView.eventTriggered(            ?:?)     - Coverage Event End
[2017-06-09 14:34:54,239] INFO  at ui.commands.AbExecuteCLI.execute(            ?:?)     - CLI operation success!!
[2017-06-09 14:34:54,251] INFO  at ui.commands.AbExecuteCLI.execute(            ?:?)     - CLI operation success!!
[2017-06-09 14:35:02,323] INFO  at ui.commands.AbExecuteCLI.execute(            ?:?)     - CLI operation success!!
[2017-06-09 14:35:02,337] INFO  at ui.commands.AbExecuteCLI.execute(            ?:?)     - CLI operation success!!
[2017-06-09 14:35:06,404] INFO  at ui.commands.AbExecuteCLI.execute(            ?:?)     - CLI operation success!!
[2017-06-09 14:35:06,416] INFO  at ui.commands.AbExecuteCLI.execute(            ?:?)     - CLI operation success!!
[2017-06-09 14:35:06,845] INFO  at views.coverage.CoverageView.eventTriggered(            ?:?)     - CoverageEventStart
[2017-06-09 14:35:06,852] INFO  at views.coverage.CoverageView.eventTriggered(            ?:?)     - Coverage Event End
[2017-06-09 14:36:48,595] INFO  at views.coverage.CoverageView.eventTriggered(            ?:?)     - CoverageEventStart
[2017-06-09 14:36:48,617] INFO  at views.coverage.CoverageView.eventTriggered(            ?:?)     - Coverage Event End
[2017-06-09 14:36:56,015] INFO  at ui.commands.AbExecuteCLI.execute(            ?:?)     - CLI operation success!!
[2017-06-09 14:36:56,019] INFO  at ui.commands.AbExecuteCLI.execute(            ?:?)     - CLI operation success!!
[2017-06-09 14:37:04,064] INFO  at ui.commands.AbExecuteCLI.execute(            ?:?)     - CLI operation success!!
[2017-06-09 14:37:04,072] INFO  at ui.commands.AbExecuteCLI.execute(            ?:?)     - CLI operation success!!
[2017-06-09 14:37:08,115] INFO  at ui.commands.AbExecuteCLI.execute(            ?:?)     - CLI operation success!!
[2017-06-09 14:37:08,120] INFO  at ui.commands.AbExecuteCLI.execute(            ?:?)     - CLI operation success!!
[2017-06-09 14:37:08,610] INFO  at views.coverage.CoverageView.eventTriggered(            ?:?)     - CoverageEventStart
[2017-06-09 14:37:08,616] INFO  at views.coverage.CoverageView.eventTriggered(            ?:?)     - Coverage Event End
[2017-06-09 14:37:26,729] INFO  at ui.commands.AbExecuteCLI.execute(            ?:?)     - CLI operation success!!
[2017-06-09 14:37:26,737] INFO  at ui.commands.AbExecuteCLI.execute(            ?:?)     - CLI operation success!!
[2017-06-09 14:37:34,783] INFO  at ui.commands.AbExecuteCLI.execute(            ?:?)     - CLI operation success!!
[2017-06-09 14:37:34,787] INFO  at ui.commands.AbExecuteCLI.execute(            ?:?)     - CLI operation success!!
[2017-06-09 14:37:38,818] INFO  at ui.commands.AbExecuteCLI.execute(            ?:?)     - CLI operation success!!
[2017-06-09 14:37:38,823] INFO  at ui.commands.AbExecuteCLI.execute(            ?:?)     - CLI operation success!!
[2017-06-09 14:37:39,308] INFO  at views.coverage.CoverageView.eventTriggered(            ?:?)     - CoverageEventStart
[2017-06-09 14:37:39,315] INFO  at views.coverage.CoverageView.eventTriggered(            ?:?)     - Coverage Event End
[2017-06-09 14:38:06,544] INFO  at views.coverage.CoverageView.eventTriggered(            ?:?)     - CoverageEventStart
[2017-06-09 14:38:06,563] INFO  at views.coverage.CoverageView.eventTriggered(            ?:?)     - Coverage Event End
[2017-06-09 14:39:05,925] INFO  at codescroll.ut.CSUTStartup.earlyStartup(            ?:?)     - Log properties are loaded successfuly!
[2017-06-09 14:39:19,310] INFO  at ui.commands.AbExecuteCLI.execute(            ?:?)     - CLI operation success!!
[2017-06-09 14:39:19,316] INFO  at ui.commands.AbExecuteCLI.execute(            ?:?)     - CLI operation success!!
[2017-06-09 14:39:27,358] INFO  at ui.commands.AbExecuteCLI.execute(            ?:?)     - CLI operation success!!
[2017-06-09 14:39:27,362] INFO  at ui.commands.AbExecuteCLI.execute(            ?:?)     - CLI operation success!!
[2017-06-09 14:39:48,399] INFO  at ui.commands.AbExecuteCLI.execute(            ?:?)     - CLI operation success!!
[2017-06-09 14:39:48,404] INFO  at ui.commands.AbExecuteCLI.execute(            ?:?)     - CLI operation success!!
[2017-06-09 14:40:28,989] INFO  at ui.commands.AbExecuteCLI.execute(            ?:?)     - CLI operation success!!
[2017-06-09 14:40:28,994] INFO  at ui.commands.AbExecuteCLI.execute(            ?:?)     - CLI operation success!!
[2017-06-09 14:40:37,032] INFO  at ui.commands.AbExecuteCLI.execute(            ?:?)     - CLI operation success!!
[2017-06-09 14:40:37,036] INFO  at ui.commands.AbExecuteCLI.execute(            ?:?)     - CLI operation success!!
[2017-06-09 14:40:41,076] INFO  at ui.commands.AbExecuteCLI.execute(            ?:?)     - CLI operation success!!
[2017-06-09 14:40:41,083] INFO  at ui.commands.AbExecuteCLI.execute(            ?:?)     - CLI operation success!!
[2017-06-09 14:41:55,300] INFO  at ui.commands.AbExecuteCLI.execute(            ?:?)     - CLI operation success!!
[2017-06-09 14:41:55,306] INFO  at ui.commands.AbExecuteCLI.execute(            ?:?)     - CLI operation success!!
[2017-06-09 14:42:03,350] INFO  at ui.commands.AbExecuteCLI.execute(            ?:?)     - CLI operation success!!
[2017-06-09 14:42:03,354] INFO  at ui.commands.AbExecuteCLI.execute(            ?:?)     - CLI operation success!!
[2017-06-09 14:42:07,399] INFO  at ui.commands.AbExecuteCLI.execute(            ?:?)     - CLI operation success!!
[2017-06-09 14:42:07,418] INFO  at ui.commands.AbExecuteCLI.execute(            ?:?)     - CLI operation success!!
[2017-06-09 14:44:30,050] WARN  at ui.commands.AbLaunchUnittest$4.run(            ?:?)     - 테스트를 진행할 수 없습니다. 수행할 테스트를 선택하여 주십시오.
[2017-06-09 14:44:40,862] INFO  at ui.commands.AbExecuteCLI.execute(            ?:?)     - CLI operation success!!
[2017-06-09 14:44:40,881] INFO  at ui.commands.AbExecuteCLI.execute(            ?:?)     - CLI operation success!!
[2017-06-09 14:44:49,973] INFO  at ui.commands.AbExecuteCLI.execute(            ?:?)     - CLI operation success!!
[2017-06-09 14:44:49,977] INFO  at ui.commands.AbExecuteCLI.execute(            ?:?)     - CLI operation success!!
[2017-06-09 14:44:54,009] INFO  at ui.commands.AbExecuteCLI.execute(            ?:?)     - CLI operation success!!
[2017-06-09 14:44:54,013] INFO  at ui.commands.AbExecuteCLI.execute(            ?:?)     - CLI operation success!!
[2017-06-09 14:45:50,286] INFO  at ui.commands.AbExecuteCLI.execute(            ?:?)     - CLI operation success!!
[2017-06-09 14:45:50,304] INFO  at ui.commands.AbExecuteCLI.execute(            ?:?)     - CLI operation success!!
[2017-06-09 14:45:57,381] INFO  at ui.commands.AbExecuteCLI.execute(            ?:?)     - CLI operation success!!
[2017-06-09 14:45:57,394] INFO  at ui.commands.AbExecuteCLI.execute(            ?:?)     - CLI operation success!!
[2017-06-09 14:46:01,447] INFO  at ui.commands.AbExecuteCLI.execute(            ?:?)     - CLI operation success!!
[2017-06-09 14:46:01,454] INFO  at ui.commands.AbExecuteCLI.execute(            ?:?)     - CLI operation success!!
[2017-06-09 14:47:50,303] INFO  at ui.commands.AbExecuteCLI.execute(            ?:?)     - CLI operation success!!
[2017-06-09 14:47:50,309] INFO  at ui.commands.AbExecuteCLI.execute(            ?:?)     - CLI operation success!!
[2017-06-09 14:47:57,358] INFO  at ui.commands.AbExecuteCLI.execute(            ?:?)     - CLI operation success!!
[2017-06-09 14:47:57,372] INFO  at ui.commands.AbExecuteCLI.execute(            ?:?)     - CLI operation success!!
[2017-06-09 14:48:01,431] INFO  at ui.commands.AbExecuteCLI.execute(            ?:?)     - CLI operation success!!
[2017-06-09 14:48:01,443] INFO  at ui.commands.AbExecuteCLI.execute(            ?:?)     - CLI operation success!!
[2017-06-09 14:48:55,480] INFO  at ui.commands.AbExecuteCLI.execute(            ?:?)     - CLI operation success!!
[2017-06-09 14:48:55,495] INFO  at ui.commands.AbExecuteCLI.execute(            ?:?)     - CLI operation success!!
[2017-06-09 14:49:04,570] INFO  at ui.commands.AbExecuteCLI.execute(            ?:?)     - CLI operation success!!
[2017-06-09 14:49:04,591] INFO  at ui.commands.AbExecuteCLI.execute(            ?:?)     - CLI operation success!!
[2017-06-09 14:49:08,647] INFO  at ui.commands.AbExecuteCLI.execute(            ?:?)     - CLI operation success!!
[2017-06-09 14:49:08,652] INFO  at ui.commands.AbExecuteCLI.execute(            ?:?)     - CLI operation success!!
[2017-06-09 14:50:39,070] INFO  at ui.commands.AbExecuteCLI.execute(            ?:?)     - CLI operation success!!
[2017-06-09 14:50:39,080] INFO  at ui.commands.AbExecuteCLI.execute(            ?:?)     - CLI operation success!!
[2017-06-09 14:50:48,137] INFO  at ui.commands.AbExecuteCLI.execute(            ?:?)     - CLI operation success!!
[2017-06-09 14:50:48,144] INFO  at ui.commands.AbExecuteCLI.execute(            ?:?)     - CLI operation success!!
[2017-06-09 14:50:52,199] INFO  at ui.commands.AbExecuteCLI.execute(            ?:?)     - CLI operation success!!
[2017-06-09 14:50:52,207] INFO  at ui.commands.AbExecuteCLI.execute(            ?:?)     - CLI operation success!!
[2017-06-09 14:52:54,545] INFO  at ui.commands.AbExecuteCLI.execute(            ?:?)     - CLI operation success!!
[2017-06-09 14:52:54,560] INFO  at ui.commands.AbExecuteCLI.execute(            ?:?)     - CLI operation success!!
[2017-06-09 14:53:06,838] INFO  at ui.commands.AbExecuteCLI.execute(            ?:?)     - CLI operation success!!
[2017-06-09 14:53:06,842] INFO  at ui.commands.AbExecuteCLI.execute(            ?:?)     - CLI operation success!!
[2017-06-09 14:53:15,881] INFO  at ui.commands.AbExecuteCLI.execute(            ?:?)     - CLI operation success!!
[2017-06-09 14:53:15,885] INFO  at ui.commands.AbExecuteCLI.execute(            ?:?)     - CLI operation success!!
[2017-06-09 14:53:19,917] INFO  at ui.commands.AbExecuteCLI.execute(            ?:?)     - CLI operation success!!
[2017-06-09 14:53:19,921] INFO  at ui.commands.AbExecuteCLI.execute(            ?:?)     - CLI operation success!!
[2017-06-09 14:53:48,610] INFO  at ui.commands.AbExecuteCLI.execute(            ?:?)     - CLI operation success!!
[2017-06-09 14:53:48,614] INFO  at ui.commands.AbExecuteCLI.execute(            ?:?)     - CLI operation success!!
[2017-06-09 14:53:57,665] INFO  at ui.commands.AbExecuteCLI.execute(            ?:?)     - CLI operation success!!
[2017-06-09 14:53:57,680] INFO  at ui.commands.AbExecuteCLI.execute(            ?:?)     - CLI operation success!!
[2017-06-09 14:54:01,751] INFO  at ui.commands.AbExecuteCLI.execute(            ?:?)     - CLI operation success!!
[2017-06-09 14:54:01,769] INFO  at ui.commands.AbExecuteCLI.execute(            ?:?)     - CLI operation success!!
[2017-06-09 14:54:45,277] INFO  at ui.commands.AbExecuteCLI.execute(            ?:?)     - CLI operation success!!
[2017-06-09 14:54:45,291] INFO  at ui.commands.AbExecuteCLI.execute(            ?:?)     - CLI operation success!!
[2017-06-09 14:54:52,359] INFO  at ui.commands.AbExecuteCLI.execute(            ?:?)     - CLI operation success!!
[2017-06-09 14:54:52,369] INFO  at ui.commands.AbExecuteCLI.execute(            ?:?)     - CLI operation success!!
[2017-06-09 14:54:56,485] INFO  at ui.commands.AbExecuteCLI.execute(            ?:?)     - CLI operation success!!
[2017-06-09 14:54:56,497] INFO  at ui.commands.AbExecuteCLI.execute(            ?:?)     - CLI operation success!!
[2017-06-09 14:55:28,612] INFO  at ui.commands.AbExecuteCLI.execute(            ?:?)     - CLI operation success!!
[2017-06-09 14:55:28,624] INFO  at ui.commands.AbExecuteCLI.execute(            ?:?)     - CLI operation success!!
[2017-06-09 14:55:35,671] INFO  at ui.commands.AbExecuteCLI.execute(            ?:?)     - CLI operation success!!
[2017-06-09 14:55:35,676] INFO  at ui.commands.AbExecuteCLI.execute(            ?:?)     - CLI operation success!!
[2017-06-09 14:55:39,721] INFO  at ui.commands.AbExecuteCLI.execute(            ?:?)     - CLI operation success!!
[2017-06-09 14:55:39,734] INFO  at ui.commands.AbExecuteCLI.execute(            ?:?)     - CLI operation success!!
[2017-06-09 15:02:00,470] INFO  at ui.commands.AbExecuteCLI.execute(            ?:?)     - CLI operation success!!
[2017-06-09 15:02:00,484] INFO  at ui.commands.AbExecuteCLI.execute(            ?:?)     - CLI operation success!!
[2017-06-09 15:02:09,553] INFO  at ui.commands.AbExecuteCLI.execute(            ?:?)     - CLI operation success!!
[2017-06-09 15:02:09,557] INFO  at ui.commands.AbExecuteCLI.execute(            ?:?)     - CLI operation success!!
[2017-06-09 15:02:13,592] INFO  at ui.commands.AbExecuteCLI.execute(            ?:?)     - CLI operation success!!
[2017-06-09 15:02:13,598] INFO  at ui.commands.AbExecuteCLI.execute(            ?:?)     - CLI operation success!!
[2017-06-09 15:02:43,792] INFO  at ui.commands.AbExecuteCLI.execute(            ?:?)     - CLI operation success!!
[2017-06-09 15:02:43,797] INFO  at ui.commands.AbExecuteCLI.execute(            ?:?)     - CLI operation success!!
[2017-06-09 15:02:50,841] INFO  at ui.commands.AbExecuteCLI.execute(            ?:?)     - CLI operation success!!
[2017-06-09 15:02:50,855] INFO  at ui.commands.AbExecuteCLI.execute(            ?:?)     - CLI operation success!!
[2017-06-09 15:02:54,909] INFO  at ui.commands.AbExecuteCLI.execute(            ?:?)     - CLI operation success!!
[2017-06-09 15:02:54,916] INFO  at ui.commands.AbExecuteCLI.execute(            ?:?)     - CLI operation success!!
[2017-06-09 15:08:19,626] INFO  at ui.commands.AbExecuteCLI.execute(            ?:?)     - CLI operation success!!
[2017-06-09 15:08:19,631] INFO  at ui.commands.AbExecuteCLI.execute(            ?:?)     - CLI operation success!!
[2017-06-09 15:08:28,671] INFO  at ui.commands.AbExecuteCLI.execute(            ?:?)     - CLI operation success!!
[2017-06-09 15:08:28,675] INFO  at ui.commands.AbExecuteCLI.execute(            ?:?)     - CLI operation success!!
[2017-06-09 15:08:32,723] INFO  at ui.commands.AbExecuteCLI.execute(            ?:?)     - CLI operation success!!
[2017-06-09 15:08:32,738] INFO  at ui.commands.AbExecuteCLI.execute(            ?:?)     - CLI operation success!!
[2017-06-09 15:09:41,377] INFO  at ui.commands.AbExecuteCLI.execute(            ?:?)     - CLI operation success!!
[2017-06-09 15:09:41,391] INFO  at ui.commands.AbExecuteCLI.execute(            ?:?)     - CLI operation success!!
[2017-06-09 15:09:48,460] INFO  at ui.commands.AbExecuteCLI.execute(            ?:?)     - CLI operation success!!
[2017-06-09 15:09:48,468] INFO  at ui.commands.AbExecuteCLI.execute(            ?:?)     - CLI operation success!!
[2017-06-09 15:09:52,532] INFO  at ui.commands.AbExecuteCLI.execute(            ?:?)     - CLI operation success!!
[2017-06-09 15:09:52,539] INFO  at ui.commands.AbExecuteCLI.execute(            ?:?)     - CLI operation success!!
[2017-06-09 15:25:03,982] INFO  at ui.commands.AbExecuteCLI.execute(            ?:?)     - CLI operation success!!
[2017-06-09 15:25:03,990] INFO  at ui.commands.AbExecuteCLI.execute(            ?:?)     - CLI operation success!!
[2017-06-09 15:25:11,043] INFO  at ui.commands.AbExecuteCLI.execute(            ?:?)     - CLI operation success!!
[2017-06-09 15:25:11,053] INFO  at ui.commands.AbExecuteCLI.execute(            ?:?)     - CLI operation success!!
[2017-06-09 15:25:15,098] INFO  at ui.commands.AbExecuteCLI.execute(            ?:?)     - CLI operation success!!
[2017-06-09 15:25:15,102] INFO  at ui.commands.AbExecuteCLI.execute(            ?:?)     - CLI operation success!!
[2017-06-09 15:26:37,022] INFO  at ui.commands.AbExecuteCLI.execute(            ?:?)     - CLI operation success!!
[2017-06-09 15:26:37,030] INFO  at ui.commands.AbExecuteCLI.execute(            ?:?)     - CLI operation success!!
[2017-06-09 15:26:46,090] INFO  at ui.commands.AbExecuteCLI.execute(            ?:?)     - CLI operation success!!
[2017-06-09 15:26:46,098] INFO  at ui.commands.AbExecuteCLI.execute(            ?:?)     - CLI operation success!!
[2017-06-09 15:26:50,143] INFO  at ui.commands.AbExecuteCLI.execute(            ?:?)     - CLI operation success!!
[2017-06-09 15:26:50,153] INFO  at ui.commands.AbExecuteCLI.execute(            ?:?)     - CLI operation success!!
[2017-06-09 15:28:48,348] INFO  at ui.commands.AbExecuteCLI.execute(            ?:?)     - CLI operation success!!
[2017-06-09 15:28:48,358] INFO  at ui.commands.AbExecuteCLI.execute(            ?:?)     - CLI operation success!!
[2017-06-09 15:28:57,424] INFO  at ui.commands.AbExecuteCLI.execute(            ?:?)     - CLI operation success!!
[2017-06-09 15:28:57,428] INFO  at ui.commands.AbExecuteCLI.execute(            ?:?)     - CLI operation success!!
[2017-06-09 15:29:01,464] INFO  at ui.commands.AbExecuteCLI.execute(            ?:?)     - CLI operation success!!
[2017-06-09 15:29:01,472] INFO  at ui.commands.AbExecuteCLI.execute(            ?:?)     - CLI operation success!!
[2017-06-09 15:29:54,002] INFO  at ui.commands.AbExecuteCLI.execute(            ?:?)     - CLI operation success!!
[2017-06-09 15:29:54,014] INFO  at ui.commands.AbExecuteCLI.execute(            ?:?)     - CLI operation success!!
[2017-06-09 15:30:01,071] INFO  at ui.commands.AbExecuteCLI.execute(            ?:?)     - CLI operation success!!
[2017-06-09 15:30:01,076] INFO  at ui.commands.AbExecuteCLI.execute(            ?:?)     - CLI operation success!!
[2017-06-09 15:30:05,121] INFO  at ui.commands.AbExecuteCLI.execute(            ?:?)     - CLI operation success!!
[2017-06-09 15:30:05,132] INFO  at ui.commands.AbExecuteCLI.execute(            ?:?)     - CLI operation success!!
[2017-06-09 15:37:11,581] INFO  at ui.commands.AbExecuteCLI.execute(            ?:?)     - CLI operation success!!
[2017-06-09 15:37:11,598] INFO  at ui.commands.AbExecuteCLI.execute(            ?:?)     - CLI operation success!!
[2017-06-09 15:37:20,668] INFO  at ui.commands.AbExecuteCLI.execute(            ?:?)     - CLI operation success!!
[2017-06-09 15:37:20,677] INFO  at ui.commands.AbExecuteCLI.execute(            ?:?)     - CLI operation success!!
[2017-06-09 15:37:24,717] INFO  at ui.commands.AbExecuteCLI.execute(            ?:?)     - CLI operation success!!
[2017-06-09 15:37:24,722] INFO  at ui.commands.AbExecuteCLI.execute(            ?:?)     - CLI operation success!!
[2017-06-09 15:45:07,276] INFO  at ui.commands.AbExecuteCLI.execute(            ?:?)     - CLI operation success!!
[2017-06-09 15:45:07,285] INFO  at ui.commands.AbExecuteCLI.execute(            ?:?)     - CLI operation success!!
[2017-06-09 15:45:16,345] INFO  at ui.commands.AbExecuteCLI.execute(            ?:?)     - CLI operation success!!
[2017-06-09 15:45:16,349] INFO  at ui.commands.AbExecuteCLI.execute(            ?:?)     - CLI operation success!!
[2017-06-09 15:45:20,381] INFO  at ui.commands.AbExecuteCLI.execute(            ?:?)     - CLI operation success!!
[2017-06-09 15:45:20,385] INFO  at ui.commands.AbExecuteCLI.execute(            ?:?)     - CLI operation success!!
[2017-06-09 15:46:10,782] INFO  at ui.commands.AbExecuteCLI.execute(            ?:?)     - CLI operation success!!
[2017-06-09 15:46:10,798] INFO  at ui.commands.AbExecuteCLI.execute(            ?:?)     - CLI operation success!!
[2017-06-09 15:46:17,895] INFO  at ui.commands.AbExecuteCLI.execute(            ?:?)     - CLI operation success!!
[2017-06-09 15:46:17,899] INFO  at ui.commands.AbExecuteCLI.execute(            ?:?)     - CLI operation success!!
[2017-06-09 15:46:21,950] INFO  at ui.commands.AbExecuteCLI.execute(            ?:?)     - CLI operation success!!
[2017-06-09 15:46:21,955] INFO  at ui.commands.AbExecuteCLI.execute(            ?:?)     - CLI operation success!!
[2017-06-09 15:46:53,424] INFO  at ui.commands.AbExecuteCLI.execute(            ?:?)     - CLI operation success!!
[2017-06-09 15:46:53,434] INFO  at ui.commands.AbExecuteCLI.execute(            ?:?)     - CLI operation success!!
[2017-06-09 15:47:00,483] INFO  at ui.commands.AbExecuteCLI.execute(            ?:?)     - CLI operation success!!
[2017-06-09 15:47:00,487] INFO  at ui.commands.AbExecuteCLI.execute(            ?:?)     - CLI operation success!!
[2017-06-09 15:47:04,522] INFO  at ui.commands.AbExecuteCLI.execute(            ?:?)     - CLI operation success!!
[2017-06-09 15:47:04,526] INFO  at ui.commands.AbExecuteCLI.execute(            ?:?)     - CLI operation success!!
[2017-06-09 15:47:33,545] INFO  at ui.commands.AbExecuteCLI.execute(            ?:?)     - CLI operation success!!
[2017-06-09 15:47:33,551] INFO  at ui.commands.AbExecuteCLI.execute(            ?:?)     - CLI operation success!!
[2017-06-09 15:47:40,602] INFO  at ui.commands.AbExecuteCLI.execute(            ?:?)     - CLI operation success!!
[2017-06-09 15:47:40,606] INFO  at ui.commands.AbExecuteCLI.execute(            ?:?)     - CLI operation success!!
[2017-06-09 15:47:44,640] INFO  at ui.commands.AbExecuteCLI.execute(            ?:?)     - CLI operation success!!
[2017-06-09 15:47:44,644] INFO  at ui.commands.AbExecuteCLI.execute(            ?:?)     - CLI operation success!!
[2017-06-09 15:48:14,619] INFO  at ui.commands.AbExecuteCLI.execute(            ?:?)     - CLI operation success!!
[2017-06-09 15:48:14,623] INFO  at ui.commands.AbExecuteCLI.execute(            ?:?)     - CLI operation success!!
[2017-06-09 15:48:23,658] INFO  at ui.commands.AbExecuteCLI.execute(            ?:?)     - CLI operation success!!
[2017-06-09 15:48:23,661] INFO  at ui.commands.AbExecuteCLI.execute(            ?:?)     - CLI operation success!!
[2017-06-09 15:48:27,696] INFO  at ui.commands.AbExecuteCLI.execute(            ?:?)     - CLI operation success!!
[2017-06-09 15:48:27,700] INFO  at ui.commands.AbExecuteCLI.execute(            ?:?)     - CLI operation success!!
[2017-06-09 15:50:54,527] INFO  at codescroll.ut.CSUTStartup.earlyStartup(            ?:?)     - Log properties are loaded successfuly!
[2017-06-09 15:51:19,960] INFO  at ui.commands.AbExecuteCLI.execute(            ?:?)     - CLI operation success!!
[2017-06-09 15:51:19,978] INFO  at ui.commands.AbExecuteCLI.execute(            ?:?)     - CLI operation success!!
[2017-06-09 15:51:29,048] INFO  at ui.commands.AbExecuteCLI.execute(            ?:?)     - CLI operation success!!
[2017-06-09 15:51:29,067] INFO  at ui.commands.AbExecuteCLI.execute(            ?:?)     - CLI operation success!!
[2017-06-09 15:51:33,129] INFO  at ui.commands.AbExecuteCLI.execute(            ?:?)     - CLI operation success!!
[2017-06-09 15:51:33,148] INFO  at ui.commands.AbExecuteCLI.execute(            ?:?)     - CLI operation success!!
[2017-06-09 15:55:39,553] INFO  at ui.commands.AbExecuteCLI.execute(            ?:?)     - CLI operation success!!
[2017-06-09 15:55:39,558] INFO  at ui.commands.AbExecuteCLI.execute(            ?:?)     - CLI operation success!!
[2017-06-09 15:55:46,601] INFO  at ui.commands.AbExecuteCLI.execute(            ?:?)     - CLI operation success!!
[2017-06-09 15:55:46,605] INFO  at ui.commands.AbExecuteCLI.execute(            ?:?)     - CLI operation success!!
[2017-06-09 15:55:50,648] INFO  at ui.commands.AbExecuteCLI.execute(            ?:?)     - CLI operation success!!
[2017-06-09 15:55:50,657] INFO  at ui.commands.AbExecuteCLI.execute(            ?:?)     - CLI operation success!!
[2017-06-09 15:57:41,520] INFO  at ui.commands.AbExecuteCLI.execute(            ?:?)     - CLI operation success!!
[2017-06-09 15:57:41,525] INFO  at ui.commands.AbExecuteCLI.execute(            ?:?)     - CLI operation success!!
[2017-06-09 15:57:48,568] INFO  at ui.commands.AbExecuteCLI.execute(            ?:?)     - CLI operation success!!
[2017-06-09 15:57:48,574] INFO  at ui.commands.AbExecuteCLI.execute(            ?:?)     - CLI operation success!!
[2017-06-09 15:57:52,620] INFO  at ui.commands.AbExecuteCLI.execute(            ?:?)     - CLI operation success!!
[2017-06-09 15:57:52,629] INFO  at ui.commands.AbExecuteCLI.execute(            ?:?)     - CLI operation success!!
[2017-06-09 16:04:19,607] INFO  at ui.commands.AbExecuteCLI.execute(            ?:?)     - CLI operation success!!
[2017-06-09 16:04:19,619] INFO  at ui.commands.AbExecuteCLI.execute(            ?:?)     - CLI operation success!!
[2017-06-09 16:04:26,678] INFO  at ui.commands.AbExecuteCLI.execute(            ?:?)     - CLI operation success!!
[2017-06-09 16:04:26,688] INFO  at ui.commands.AbExecuteCLI.execute(            ?:?)     - CLI operation success!!
[2017-06-09 16:04:30,729] INFO  at ui.commands.AbExecuteCLI.execute(            ?:?)     - CLI operation success!!
[2017-06-09 16:04:30,733] INFO  at ui.commands.AbExecuteCLI.execute(            ?:?)     - CLI operation success!!
[2017-06-09 16:05:24,562] INFO  at ui.commands.AbExecuteCLI.execute(            ?:?)     - CLI operation success!!
[2017-06-09 16:05:24,575] INFO  at ui.commands.AbExecuteCLI.execute(            ?:?)     - CLI operation success!!
[2017-06-09 16:05:31,629] INFO  at ui.commands.AbExecuteCLI.execute(            ?:?)     - CLI operation success!!
[2017-06-09 16:05:31,633] INFO  at ui.commands.AbExecuteCLI.execute(            ?:?)     - CLI operation success!!
[2017-06-09 16:05:35,681] INFO  at ui.commands.AbExecuteCLI.execute(            ?:?)     - CLI operation success!!
[2017-06-09 16:05:35,698] INFO  at ui.commands.AbExecuteCLI.execute(            ?:?)     - CLI operation success!!
[2017-06-09 16:06:17,100] INFO  at ui.commands.AbExecuteCLI.execute(            ?:?)     - CLI operation success!!
[2017-06-09 16:06:17,104] INFO  at ui.commands.AbExecuteCLI.execute(            ?:?)     - CLI operation success!!
[2017-06-09 16:06:24,148] INFO  at ui.commands.AbExecuteCLI.execute(            ?:?)     - CLI operation success!!
[2017-06-09 16:06:24,152] INFO  at ui.commands.AbExecuteCLI.execute(            ?:?)     - CLI operation success!!
[2017-06-09 16:06:28,188] INFO  at ui.commands.AbExecuteCLI.execute(            ?:?)     - CLI operation success!!
[2017-06-09 16:06:28,191] INFO  at ui.commands.AbExecuteCLI.execute(            ?:?)     - CLI operation success!!
[2017-06-09 16:09:00,183] INFO  at ui.commands.AbExecuteCLI.execute(            ?:?)     - CLI operation success!!
[2017-06-09 16:09:00,187] INFO  at ui.commands.AbExecuteCLI.execute(            ?:?)     - CLI operation success!!
[2017-06-09 16:09:07,232] INFO  at ui.commands.AbExecuteCLI.execute(            ?:?)     - CLI operation success!!
[2017-06-09 16:09:07,246] INFO  at ui.commands.AbExecuteCLI.execute(            ?:?)     - CLI operation success!!
[2017-06-09 16:09:11,337] INFO  at ui.commands.AbExecuteCLI.execute(            ?:?)     - CLI operation success!!
[2017-06-09 16:09:11,348] INFO  at ui.commands.AbExecuteCLI.execute(            ?:?)     - CLI operation success!!
